{
  "stats": {
    "suites": 0,
    "tests": 4,
    "passes": 4,
    "pending": 0,
    "failures": 0,
    "start": "2020-02-09T15:39:27.545Z",
    "end": "2020-02-09T15:40:06.394Z",
    "duration": 38849,
    "testsRegistered": 4,
    "passPercent": 100,
    "pendingPercent": 0,
    "other": 0,
    "hasOther": false,
    "skipped": 0,
    "hasSkipped": false
  },
  "results": [
    {
      "uuid": "ef24dcb4-0cc1-4d81-8e25-256e08b769da",
      "title": "",
      "fullFile": "cypress\\integration\\meta\\metaLogin.spec.js",
      "file": "cypress\\integration\\meta\\metaLogin.spec.js",
      "beforeHooks": [],
      "afterHooks": [],
      "tests": [
        {
          "title": "Meta Login",
          "fullTitle": " Meta Login",
          "timedOut": null,
          "duration": 29189,
          "state": "passed",
          "speed": "slow",
          "pass": true,
          "fail": false,
          "pending": false,
          "context": null,
          "code": "// https://docs.cypress.io/guides/references/error-messages.html#Cypress-detected-that-an-uncaught-error-was-thrown-from-a-cross-origin-script\ncy.visit(url);",
          "err": {},
          "uuid": "c0b1fd3c-abf1-4d85-bce4-eec87ab9cefe",
          "parentUUID": "ef24dcb4-0cc1-4d81-8e25-256e08b769da",
          "isHook": false,
          "skipped": false
        },
        {
          "title": "Validate Meta Title",
          "fullTitle": " Validate Meta Title",
          "timedOut": null,
          "duration": 361,
          "state": "passed",
          "speed": "slow",
          "pass": true,
          "fail": false,
          "pending": false,
          "context": null,
          "code": "cy.get('head meta[name=\"title\"]').should('have.attr', 'content', title);",
          "err": {},
          "uuid": "5917550a-0f82-43cc-8404-5b75cfa6b794",
          "parentUUID": "ef24dcb4-0cc1-4d81-8e25-256e08b769da",
          "isHook": false,
          "skipped": false
        },
        {
          "title": "Validate Meta Description",
          "fullTitle": " Validate Meta Description",
          "timedOut": null,
          "duration": 30,
          "state": "passed",
          "speed": "fast",
          "pass": true,
          "fail": false,
          "pending": false,
          "context": null,
          "code": "cy.get('head meta[name=\"description\"]').should('have.attr', 'content', desc);",
          "err": {},
          "uuid": "fdd1b46d-271c-4c13-bf14-26c76a7bc1e9",
          "parentUUID": "ef24dcb4-0cc1-4d81-8e25-256e08b769da",
          "isHook": false,
          "skipped": false
        },
        {
          "title": "Validate Meta Keyword",
          "fullTitle": " Validate Meta Keyword",
          "timedOut": null,
          "duration": 32,
          "state": "passed",
          "speed": "fast",
          "pass": true,
          "fail": false,
          "pending": false,
          "context": null,
          "code": "cy.get('head meta[name=\"keywords\"]').should('have.attr', 'content', keyword);",
          "err": {},
          "uuid": "a23db253-b481-443f-a987-be4c09b124f4",
          "parentUUID": "ef24dcb4-0cc1-4d81-8e25-256e08b769da",
          "isHook": false,
          "skipped": false
        }
      ],
      "suites": [],
      "passes": [
        "c0b1fd3c-abf1-4d85-bce4-eec87ab9cefe",
        "5917550a-0f82-43cc-8404-5b75cfa6b794",
        "fdd1b46d-271c-4c13-bf14-26c76a7bc1e9",
        "a23db253-b481-443f-a987-be4c09b124f4"
      ],
      "failures": [],
      "pending": [],
      "skipped": [],
      "duration": 29612,
      "root": true,
      "rootEmpty": false,
      "_timeout": 2000
    }
  ],
  "meta": {
    "mocha": {
      "version": "5.2.0"
    },
    "mochawesome": {
      "options": {
        "quiet": false,
        "reportFilename": "mochawesome",
        "saveHtml": false,
        "saveJson": true,
        "consoleReporter": "spec",
        "useInlineDiffs": false
      },
      "version": "4.1.0"
    },
    "marge": {
      "options": {
        "reportDir": "cypress/report/mochawesome-report",
        "overwrite": false,
        "html": false,
        "json": true,
        "timestamp": "mmddyyyy_HHMMss"
      },
      "version": "4.1.0"
    }
  }
}