{
  "stats": {
    "suites": 0,
    "tests": 4,
    "passes": 4,
    "pending": 0,
    "failures": 0,
    "start": "2020-02-09T15:44:28.295Z",
    "end": "2020-02-09T15:45:20.144Z",
    "duration": 51849,
    "testsRegistered": 4,
    "passPercent": 100,
    "pendingPercent": 0,
    "other": 0,
    "hasOther": false,
    "skipped": 0,
    "hasSkipped": false
  },
  "results": [
    {
      "uuid": "90ad2ced-4038-457b-8e07-0089d2ca1d49",
      "title": "",
      "fullFile": "cypress\\integration\\meta\\metaNews.spec.js",
      "file": "cypress\\integration\\meta\\metaNews.spec.js",
      "beforeHooks": [],
      "afterHooks": [],
      "tests": [
        {
          "title": "Meta News",
          "fullTitle": " Meta News",
          "timedOut": null,
          "duration": 38460,
          "state": "passed",
          "speed": "slow",
          "pass": true,
          "fail": false,
          "pending": false,
          "context": null,
          "code": "// https://docs.cypress.io/guides/references/error-messages.html#Cypress-detected-that-an-uncaught-error-was-thrown-from-a-cross-origin-script\ncy.visit(url);",
          "err": {},
          "uuid": "b99d5e2d-60b1-424d-a1b7-f7359e978b1b",
          "parentUUID": "90ad2ced-4038-457b-8e07-0089d2ca1d49",
          "isHook": false,
          "skipped": false
        },
        {
          "title": "Validate Meta Title",
          "fullTitle": " Validate Meta Title",
          "timedOut": null,
          "duration": 323,
          "state": "passed",
          "speed": "slow",
          "pass": true,
          "fail": false,
          "pending": false,
          "context": null,
          "code": "cy.get('head meta[name=\"title\"]').should('have.attr', 'content', title);",
          "err": {},
          "uuid": "fe694c95-cdb6-4b56-ba68-bfc7195b8e0a",
          "parentUUID": "90ad2ced-4038-457b-8e07-0089d2ca1d49",
          "isHook": false,
          "skipped": false
        },
        {
          "title": "Validate Meta Description",
          "fullTitle": " Validate Meta Description",
          "timedOut": null,
          "duration": 28,
          "state": "passed",
          "speed": "fast",
          "pass": true,
          "fail": false,
          "pending": false,
          "context": null,
          "code": "cy.get('head meta[name=\"description\"]').should('have.attr', 'content', desc);",
          "err": {},
          "uuid": "ac2aaae9-f9b8-4604-bf9e-9cdb8cf0c12c",
          "parentUUID": "90ad2ced-4038-457b-8e07-0089d2ca1d49",
          "isHook": false,
          "skipped": false
        },
        {
          "title": "Validate Meta Keyword",
          "fullTitle": " Validate Meta Keyword",
          "timedOut": null,
          "duration": 30,
          "state": "passed",
          "speed": "fast",
          "pass": true,
          "fail": false,
          "pending": false,
          "context": null,
          "code": "cy.get('head meta[name=\"keywords\"]').should('have.attr', 'content', keyword);",
          "err": {},
          "uuid": "734242ca-6f7c-4dc4-9ff1-1e45f8b18a92",
          "parentUUID": "90ad2ced-4038-457b-8e07-0089d2ca1d49",
          "isHook": false,
          "skipped": false
        }
      ],
      "suites": [],
      "passes": [
        "b99d5e2d-60b1-424d-a1b7-f7359e978b1b",
        "fe694c95-cdb6-4b56-ba68-bfc7195b8e0a",
        "ac2aaae9-f9b8-4604-bf9e-9cdb8cf0c12c",
        "734242ca-6f7c-4dc4-9ff1-1e45f8b18a92"
      ],
      "failures": [],
      "pending": [],
      "skipped": [],
      "duration": 38841,
      "root": true,
      "rootEmpty": false,
      "_timeout": 2000
    }
  ],
  "meta": {
    "mocha": {
      "version": "5.2.0"
    },
    "mochawesome": {
      "options": {
        "quiet": false,
        "reportFilename": "mochawesome",
        "saveHtml": false,
        "saveJson": true,
        "consoleReporter": "spec",
        "useInlineDiffs": false
      },
      "version": "4.1.0"
    },
    "marge": {
      "options": {
        "reportDir": "cypress/report/mochawesome-report",
        "overwrite": false,
        "html": false,
        "json": true,
        "timestamp": "mmddyyyy_HHMMss"
      },
      "version": "4.1.0"
    }
  }
}