{
  "stats": {
    "suites": 0,
    "tests": 4,
    "passes": 4,
    "pending": 0,
    "failures": 0,
    "start": "2020-02-09T15:47:17.898Z",
    "end": "2020-02-09T15:48:11.063Z",
    "duration": 53165,
    "testsRegistered": 4,
    "passPercent": 100,
    "pendingPercent": 0,
    "other": 0,
    "hasOther": false,
    "skipped": 0,
    "hasSkipped": false
  },
  "results": [
    {
      "uuid": "427dfe6d-e433-447e-9ca2-0ca5b51ac409",
      "title": "",
      "fullFile": "cypress\\integration\\meta\\metaOtomotif.spec.js",
      "file": "cypress\\integration\\meta\\metaOtomotif.spec.js",
      "beforeHooks": [],
      "afterHooks": [],
      "tests": [
        {
          "title": "Meta Otomatif",
          "fullTitle": " Meta Otomatif",
          "timedOut": null,
          "duration": 43530,
          "state": "passed",
          "speed": "slow",
          "pass": true,
          "fail": false,
          "pending": false,
          "context": null,
          "code": "// https://docs.cypress.io/guides/references/error-messages.html#Cypress-detected-that-an-uncaught-error-was-thrown-from-a-cross-origin-script\ncy.visit(url);",
          "err": {},
          "uuid": "dc6273f6-ed5e-48b8-ad57-81bfc3a3e02c",
          "parentUUID": "427dfe6d-e433-447e-9ca2-0ca5b51ac409",
          "isHook": false,
          "skipped": false
        },
        {
          "title": "Validate Meta Title",
          "fullTitle": " Validate Meta Title",
          "timedOut": null,
          "duration": 350,
          "state": "passed",
          "speed": "slow",
          "pass": true,
          "fail": false,
          "pending": false,
          "context": null,
          "code": "cy.get('head meta[name=\"title\"]').should('have.attr', 'content', title);",
          "err": {},
          "uuid": "be566959-7f9f-4ab3-b6ed-89ff12a60087",
          "parentUUID": "427dfe6d-e433-447e-9ca2-0ca5b51ac409",
          "isHook": false,
          "skipped": false
        },
        {
          "title": "Validate Meta Description",
          "fullTitle": " Validate Meta Description",
          "timedOut": null,
          "duration": 20,
          "state": "passed",
          "speed": "fast",
          "pass": true,
          "fail": false,
          "pending": false,
          "context": null,
          "code": "cy.get('head meta[name=\"description\"]').should('have.attr', 'content', desc);",
          "err": {},
          "uuid": "867443d0-6811-4997-8103-022de3a764f3",
          "parentUUID": "427dfe6d-e433-447e-9ca2-0ca5b51ac409",
          "isHook": false,
          "skipped": false
        },
        {
          "title": "Validate Meta Keyword",
          "fullTitle": " Validate Meta Keyword",
          "timedOut": null,
          "duration": 13,
          "state": "passed",
          "speed": "fast",
          "pass": true,
          "fail": false,
          "pending": false,
          "context": null,
          "code": "cy.get('head meta[name=\"keywords\"]').should('have.attr', 'content', keyword);",
          "err": {},
          "uuid": "26a7ea2b-5928-4402-b79e-984a2868153c",
          "parentUUID": "427dfe6d-e433-447e-9ca2-0ca5b51ac409",
          "isHook": false,
          "skipped": false
        }
      ],
      "suites": [],
      "passes": [
        "dc6273f6-ed5e-48b8-ad57-81bfc3a3e02c",
        "be566959-7f9f-4ab3-b6ed-89ff12a60087",
        "867443d0-6811-4997-8103-022de3a764f3",
        "26a7ea2b-5928-4402-b79e-984a2868153c"
      ],
      "failures": [],
      "pending": [],
      "skipped": [],
      "duration": 43913,
      "root": true,
      "rootEmpty": false,
      "_timeout": 2000
    }
  ],
  "meta": {
    "mocha": {
      "version": "5.2.0"
    },
    "mochawesome": {
      "options": {
        "quiet": false,
        "reportFilename": "mochawesome",
        "saveHtml": false,
        "saveJson": true,
        "consoleReporter": "spec",
        "useInlineDiffs": false
      },
      "version": "4.1.0"
    },
    "marge": {
      "options": {
        "reportDir": "cypress/report/mochawesome-report",
        "overwrite": false,
        "html": false,
        "json": true,
        "timestamp": "mmddyyyy_HHMMss"
      },
      "version": "4.1.0"
    }
  }
}