{
  "stats": {
    "suites": 0,
    "tests": 4,
    "passes": 4,
    "pending": 0,
    "failures": 0,
    "start": "2020-02-09T16:02:16.976Z",
    "end": "2020-02-09T16:03:15.537Z",
    "duration": 58561,
    "testsRegistered": 4,
    "passPercent": 100,
    "pendingPercent": 0,
    "other": 0,
    "hasOther": false,
    "skipped": 0,
    "hasSkipped": false
  },
  "results": [
    {
      "uuid": "f4c1dd41-345a-45d5-8da8-c5becfdb6bc9",
      "title": "",
      "fullFile": "cypress\\integration\\meta\\metaTnC.spec.js",
      "file": "cypress\\integration\\meta\\metaTnC.spec.js",
      "beforeHooks": [],
      "afterHooks": [],
      "tests": [
        {
          "title": "Meta T & C",
          "fullTitle": " Meta T & C",
          "timedOut": null,
          "duration": 48563,
          "state": "passed",
          "speed": "slow",
          "pass": true,
          "fail": false,
          "pending": false,
          "context": null,
          "code": "// https://docs.cypress.io/guides/references/error-messages.html#Cypress-detected-that-an-uncaught-error-was-thrown-from-a-cross-origin-script\ncy.visit(url);",
          "err": {},
          "uuid": "f3265d7b-3a06-4b3c-856a-cb25adc389c1",
          "parentUUID": "f4c1dd41-345a-45d5-8da8-c5becfdb6bc9",
          "isHook": false,
          "skipped": false
        },
        {
          "title": "Validate Meta Title",
          "fullTitle": " Validate Meta Title",
          "timedOut": null,
          "duration": 282,
          "state": "passed",
          "speed": "slow",
          "pass": true,
          "fail": false,
          "pending": false,
          "context": null,
          "code": "cy.get('head meta[name=\"title\"]').should('have.attr', 'content', title);",
          "err": {},
          "uuid": "be011f12-5113-41cd-83dd-4c916b298fa2",
          "parentUUID": "f4c1dd41-345a-45d5-8da8-c5becfdb6bc9",
          "isHook": false,
          "skipped": false
        },
        {
          "title": "Validate Meta Description",
          "fullTitle": " Validate Meta Description",
          "timedOut": null,
          "duration": 19,
          "state": "passed",
          "speed": "fast",
          "pass": true,
          "fail": false,
          "pending": false,
          "context": null,
          "code": "cy.get('head meta[name=\"description\"]').should('have.attr', 'content', desc);",
          "err": {},
          "uuid": "28d5f2d8-d661-4649-99d3-5fb14690b843",
          "parentUUID": "f4c1dd41-345a-45d5-8da8-c5becfdb6bc9",
          "isHook": false,
          "skipped": false
        },
        {
          "title": "Validate Meta Keyword",
          "fullTitle": " Validate Meta Keyword",
          "timedOut": null,
          "duration": 23,
          "state": "passed",
          "speed": "fast",
          "pass": true,
          "fail": false,
          "pending": false,
          "context": null,
          "code": "cy.get('head meta[name=\"keywords\"]').should('have.attr', 'content', keyword);",
          "err": {},
          "uuid": "5855d7b5-9fe0-45c8-bbaf-95eeca0093ae",
          "parentUUID": "f4c1dd41-345a-45d5-8da8-c5becfdb6bc9",
          "isHook": false,
          "skipped": false
        }
      ],
      "suites": [],
      "passes": [
        "f3265d7b-3a06-4b3c-856a-cb25adc389c1",
        "be011f12-5113-41cd-83dd-4c916b298fa2",
        "28d5f2d8-d661-4649-99d3-5fb14690b843",
        "5855d7b5-9fe0-45c8-bbaf-95eeca0093ae"
      ],
      "failures": [],
      "pending": [],
      "skipped": [],
      "duration": 48887,
      "root": true,
      "rootEmpty": false,
      "_timeout": 2000
    }
  ],
  "meta": {
    "mocha": {
      "version": "5.2.0"
    },
    "mochawesome": {
      "options": {
        "quiet": false,
        "reportFilename": "mochawesome",
        "saveHtml": false,
        "saveJson": true,
        "consoleReporter": "spec",
        "useInlineDiffs": false
      },
      "version": "4.1.0"
    },
    "marge": {
      "options": {
        "reportDir": "cypress/report/mochawesome-report",
        "overwrite": false,
        "html": false,
        "json": true,
        "timestamp": "mmddyyyy_HHMMss"
      },
      "version": "4.1.0"
    }
  }
}