{
  "stats": {
    "suites": 0,
    "tests": 4,
    "passes": 4,
    "pending": 0,
    "failures": 0,
    "start": "2020-02-09T15:38:07.898Z",
    "end": "2020-02-09T15:39:07.226Z",
    "duration": 59328,
    "testsRegistered": 4,
    "passPercent": 100,
    "pendingPercent": 0,
    "other": 0,
    "hasOther": false,
    "skipped": 0,
    "hasSkipped": false
  },
  "results": [
    {
      "uuid": "0e757808-7d7b-4de5-9495-4892c5468656",
      "title": "",
      "fullFile": "cypress\\integration\\meta\\metaKesehatan.spec.js",
      "file": "cypress\\integration\\meta\\metaKesehatan.spec.js",
      "beforeHooks": [],
      "afterHooks": [],
      "tests": [
        {
          "title": "Meta Kesehatan",
          "fullTitle": " Meta Kesehatan",
          "timedOut": null,
          "duration": 49332,
          "state": "passed",
          "speed": "slow",
          "pass": true,
          "fail": false,
          "pending": false,
          "context": null,
          "code": "// https://docs.cypress.io/guides/references/error-messages.html#Cypress-detected-that-an-uncaught-error-was-thrown-from-a-cross-origin-script\ncy.visit(url);",
          "err": {},
          "uuid": "2e68a77e-b3a8-46d3-9a0e-4a895eae6896",
          "parentUUID": "0e757808-7d7b-4de5-9495-4892c5468656",
          "isHook": false,
          "skipped": false
        },
        {
          "title": "Validate Meta Title",
          "fullTitle": " Validate Meta Title",
          "timedOut": null,
          "duration": 389,
          "state": "passed",
          "speed": "slow",
          "pass": true,
          "fail": false,
          "pending": false,
          "context": null,
          "code": "cy.get('head meta[name=\"title\"]').should('have.attr', 'content', title);",
          "err": {},
          "uuid": "f1cbd5fc-7d79-4b3f-855e-df6b6d43ee21",
          "parentUUID": "0e757808-7d7b-4de5-9495-4892c5468656",
          "isHook": false,
          "skipped": false
        },
        {
          "title": "Validate Meta Description",
          "fullTitle": " Validate Meta Description",
          "timedOut": null,
          "duration": 34,
          "state": "passed",
          "speed": "fast",
          "pass": true,
          "fail": false,
          "pending": false,
          "context": null,
          "code": "cy.get('head meta[name=\"description\"]').should('have.attr', 'content', desc);",
          "err": {},
          "uuid": "8640e52c-1adb-46c2-9930-f818d910a3b9",
          "parentUUID": "0e757808-7d7b-4de5-9495-4892c5468656",
          "isHook": false,
          "skipped": false
        },
        {
          "title": "Validate Meta Keyword",
          "fullTitle": " Validate Meta Keyword",
          "timedOut": null,
          "duration": 38,
          "state": "passed",
          "speed": "medium",
          "pass": true,
          "fail": false,
          "pending": false,
          "context": null,
          "code": "cy.get('head meta[name=\"keywords\"]').should('have.attr', 'content', keyword);",
          "err": {},
          "uuid": "3a803cbd-29a4-44b8-b028-f8cb2a5af4da",
          "parentUUID": "0e757808-7d7b-4de5-9495-4892c5468656",
          "isHook": false,
          "skipped": false
        }
      ],
      "suites": [],
      "passes": [
        "2e68a77e-b3a8-46d3-9a0e-4a895eae6896",
        "f1cbd5fc-7d79-4b3f-855e-df6b6d43ee21",
        "8640e52c-1adb-46c2-9930-f818d910a3b9",
        "3a803cbd-29a4-44b8-b028-f8cb2a5af4da"
      ],
      "failures": [],
      "pending": [],
      "skipped": [],
      "duration": 49793,
      "root": true,
      "rootEmpty": false,
      "_timeout": 2000
    }
  ],
  "meta": {
    "mocha": {
      "version": "5.2.0"
    },
    "mochawesome": {
      "options": {
        "quiet": false,
        "reportFilename": "mochawesome",
        "saveHtml": false,
        "saveJson": true,
        "consoleReporter": "spec",
        "useInlineDiffs": false
      },
      "version": "4.1.0"
    },
    "marge": {
      "options": {
        "reportDir": "cypress/report/mochawesome-report",
        "overwrite": false,
        "html": false,
        "json": true,
        "timestamp": "mmddyyyy_HHMMss"
      },
      "version": "4.1.0"
    }
  }
}