{
  "stats": {
    "suites": 0,
    "tests": 4,
    "passes": 4,
    "pending": 0,
    "failures": 0,
    "start": "2020-02-09T15:40:24.071Z",
    "end": "2020-02-09T15:41:13.165Z",
    "duration": 49094,
    "testsRegistered": 4,
    "passPercent": 100,
    "pendingPercent": 0,
    "other": 0,
    "hasOther": false,
    "skipped": 0,
    "hasSkipped": false
  },
  "results": [
    {
      "uuid": "379445e0-c95f-42ff-a895-0573c02f854d",
      "title": "",
      "fullFile": "cypress\\integration\\meta\\metaMistery.spec.js",
      "file": "cypress\\integration\\meta\\metaMistery.spec.js",
      "beforeHooks": [],
      "afterHooks": [],
      "tests": [
        {
          "title": "Meta Mistery",
          "fullTitle": " Meta Mistery",
          "timedOut": null,
          "duration": 40955,
          "state": "passed",
          "speed": "slow",
          "pass": true,
          "fail": false,
          "pending": false,
          "context": null,
          "code": "// https://docs.cypress.io/guides/references/error-messages.html#Cypress-detected-that-an-uncaught-error-was-thrown-from-a-cross-origin-script\ncy.visit(url);",
          "err": {},
          "uuid": "146a9885-2a31-464c-9d97-99d517654fbe",
          "parentUUID": "379445e0-c95f-42ff-a895-0573c02f854d",
          "isHook": false,
          "skipped": false
        },
        {
          "title": "Validate Meta Title",
          "fullTitle": " Validate Meta Title",
          "timedOut": null,
          "duration": 667,
          "state": "passed",
          "speed": "slow",
          "pass": true,
          "fail": false,
          "pending": false,
          "context": null,
          "code": "cy.get('head meta[name=\"title\"]').should('have.attr', 'content', title);",
          "err": {},
          "uuid": "db056f31-46de-4b7b-88f7-03db9a879bd6",
          "parentUUID": "379445e0-c95f-42ff-a895-0573c02f854d",
          "isHook": false,
          "skipped": false
        },
        {
          "title": "Validate Meta Description",
          "fullTitle": " Validate Meta Description",
          "timedOut": null,
          "duration": 36,
          "state": "passed",
          "speed": "fast",
          "pass": true,
          "fail": false,
          "pending": false,
          "context": null,
          "code": "cy.get('head meta[name=\"description\"]').should('have.attr', 'content', desc);",
          "err": {},
          "uuid": "b8fd3562-24f8-42c9-a2ae-64531d517e40",
          "parentUUID": "379445e0-c95f-42ff-a895-0573c02f854d",
          "isHook": false,
          "skipped": false
        },
        {
          "title": "Validate Meta Keyword",
          "fullTitle": " Validate Meta Keyword",
          "timedOut": null,
          "duration": 48,
          "state": "passed",
          "speed": "medium",
          "pass": true,
          "fail": false,
          "pending": false,
          "context": null,
          "code": "cy.get('head meta[name=\"keywords\"]').should('have.attr', 'content', keyword);",
          "err": {},
          "uuid": "de14943d-f9a4-4e06-85c8-50faa8f07605",
          "parentUUID": "379445e0-c95f-42ff-a895-0573c02f854d",
          "isHook": false,
          "skipped": false
        }
      ],
      "suites": [],
      "passes": [
        "146a9885-2a31-464c-9d97-99d517654fbe",
        "db056f31-46de-4b7b-88f7-03db9a879bd6",
        "b8fd3562-24f8-42c9-a2ae-64531d517e40",
        "de14943d-f9a4-4e06-85c8-50faa8f07605"
      ],
      "failures": [],
      "pending": [],
      "skipped": [],
      "duration": 41706,
      "root": true,
      "rootEmpty": false,
      "_timeout": 2000
    }
  ],
  "meta": {
    "mocha": {
      "version": "5.2.0"
    },
    "mochawesome": {
      "options": {
        "quiet": false,
        "reportFilename": "mochawesome",
        "saveHtml": false,
        "saveJson": true,
        "consoleReporter": "spec",
        "useInlineDiffs": false
      },
      "version": "4.1.0"
    },
    "marge": {
      "options": {
        "reportDir": "cypress/report/mochawesome-report",
        "overwrite": false,
        "html": false,
        "json": true,
        "timestamp": "mmddyyyy_HHMMss"
      },
      "version": "4.1.0"
    }
  }
}