{
  "stats": {
    "suites": 0,
    "tests": 4,
    "passes": 4,
    "pending": 0,
    "failures": 0,
    "start": "2020-02-09T15:43:21.194Z",
    "end": "2020-02-09T15:44:09.794Z",
    "duration": 48600,
    "testsRegistered": 4,
    "passPercent": 100,
    "pendingPercent": 0,
    "other": 0,
    "hasOther": false,
    "skipped": 0,
    "hasSkipped": false
  },
  "results": [
    {
      "uuid": "016b3cf1-31bd-4a89-8f11-b1552d13911f",
      "title": "",
      "fullFile": "cypress\\integration\\meta\\metaMuslim.spec.js",
      "file": "cypress\\integration\\meta\\metaMuslim.spec.js",
      "beforeHooks": [],
      "afterHooks": [],
      "tests": [
        {
          "title": "Meta Muslim",
          "fullTitle": " Meta Muslim",
          "timedOut": null,
          "duration": 38768,
          "state": "passed",
          "speed": "slow",
          "pass": true,
          "fail": false,
          "pending": false,
          "context": null,
          "code": "// https://docs.cypress.io/guides/references/error-messages.html#Cypress-detected-that-an-uncaught-error-was-thrown-from-a-cross-origin-script\ncy.visit(url);",
          "err": {},
          "uuid": "94c68c22-3163-4158-8637-8dea858f984d",
          "parentUUID": "016b3cf1-31bd-4a89-8f11-b1552d13911f",
          "isHook": false,
          "skipped": false
        },
        {
          "title": "Validate Meta Title",
          "fullTitle": " Validate Meta Title",
          "timedOut": null,
          "duration": 346,
          "state": "passed",
          "speed": "slow",
          "pass": true,
          "fail": false,
          "pending": false,
          "context": null,
          "code": "cy.get('head meta[name=\"title\"]').should('have.attr', 'content', title);",
          "err": {},
          "uuid": "d5cefbc9-7a70-4e96-bfdb-1f51bf1eb94c",
          "parentUUID": "016b3cf1-31bd-4a89-8f11-b1552d13911f",
          "isHook": false,
          "skipped": false
        },
        {
          "title": "Validate Meta Description",
          "fullTitle": " Validate Meta Description",
          "timedOut": null,
          "duration": 28,
          "state": "passed",
          "speed": "fast",
          "pass": true,
          "fail": false,
          "pending": false,
          "context": null,
          "code": "cy.get('head meta[name=\"description\"]').should('have.attr', 'content', desc);",
          "err": {},
          "uuid": "cf0f7d15-24d8-40ed-a074-8e5eb9b6351b",
          "parentUUID": "016b3cf1-31bd-4a89-8f11-b1552d13911f",
          "isHook": false,
          "skipped": false
        },
        {
          "title": "Validate Meta Keyword",
          "fullTitle": " Validate Meta Keyword",
          "timedOut": null,
          "duration": 34,
          "state": "passed",
          "speed": "fast",
          "pass": true,
          "fail": false,
          "pending": false,
          "context": null,
          "code": "cy.get('head meta[name=\"keywords\"]').should('have.attr', 'content', keyword);",
          "err": {},
          "uuid": "e069ad95-c663-443d-9f13-4e4a86ef5007",
          "parentUUID": "016b3cf1-31bd-4a89-8f11-b1552d13911f",
          "isHook": false,
          "skipped": false
        }
      ],
      "suites": [],
      "passes": [
        "94c68c22-3163-4158-8637-8dea858f984d",
        "d5cefbc9-7a70-4e96-bfdb-1f51bf1eb94c",
        "cf0f7d15-24d8-40ed-a074-8e5eb9b6351b",
        "e069ad95-c663-443d-9f13-4e4a86ef5007"
      ],
      "failures": [],
      "pending": [],
      "skipped": [],
      "duration": 39176,
      "root": true,
      "rootEmpty": false,
      "_timeout": 2000
    }
  ],
  "meta": {
    "mocha": {
      "version": "5.2.0"
    },
    "mochawesome": {
      "options": {
        "quiet": false,
        "reportFilename": "mochawesome",
        "saveHtml": false,
        "saveJson": true,
        "consoleReporter": "spec",
        "useInlineDiffs": false
      },
      "version": "4.1.0"
    },
    "marge": {
      "options": {
        "reportDir": "cypress/report/mochawesome-report",
        "overwrite": false,
        "html": false,
        "json": true,
        "timestamp": "mmddyyyy_HHMMss"
      },
      "version": "4.1.0"
    }
  }
}