{
  "stats": {
    "suites": 0,
    "tests": 4,
    "passes": 4,
    "pending": 0,
    "failures": 0,
    "start": "2020-02-09T16:01:12.645Z",
    "end": "2020-02-09T16:02:03.418Z",
    "duration": 50773,
    "testsRegistered": 4,
    "passPercent": 100,
    "pendingPercent": 0,
    "other": 0,
    "hasOther": false,
    "skipped": 0,
    "hasSkipped": false
  },
  "results": [
    {
      "uuid": "7b941757-050a-4370-937f-ea93b0c2f5cb",
      "title": "",
      "fullFile": "cypress\\integration\\meta\\metaTeknologi.spec.js",
      "file": "cypress\\integration\\meta\\metaTeknologi.spec.js",
      "beforeHooks": [],
      "afterHooks": [],
      "tests": [
        {
          "title": "Meta Teknologi",
          "fullTitle": " Meta Teknologi",
          "timedOut": null,
          "duration": 38580,
          "state": "passed",
          "speed": "slow",
          "pass": true,
          "fail": false,
          "pending": false,
          "context": null,
          "code": "// https://docs.cypress.io/guides/references/error-messages.html#Cypress-detected-that-an-uncaught-error-was-thrown-from-a-cross-origin-script\ncy.visit(url);",
          "err": {},
          "uuid": "f2a1720f-b812-4b6c-9df6-2f6e25454173",
          "parentUUID": "7b941757-050a-4370-937f-ea93b0c2f5cb",
          "isHook": false,
          "skipped": false
        },
        {
          "title": "Validate Meta Title",
          "fullTitle": " Validate Meta Title",
          "timedOut": null,
          "duration": 299,
          "state": "passed",
          "speed": "slow",
          "pass": true,
          "fail": false,
          "pending": false,
          "context": null,
          "code": "cy.get('head meta[name=\"title\"]').should('have.attr', 'content', title);",
          "err": {},
          "uuid": "b9f8f703-1b48-4e82-8ab4-ea2e90cfc944",
          "parentUUID": "7b941757-050a-4370-937f-ea93b0c2f5cb",
          "isHook": false,
          "skipped": false
        },
        {
          "title": "Validate Meta Description",
          "fullTitle": " Validate Meta Description",
          "timedOut": null,
          "duration": 17,
          "state": "passed",
          "speed": "fast",
          "pass": true,
          "fail": false,
          "pending": false,
          "context": null,
          "code": "cy.get('head meta[name=\"description\"]').should('have.attr', 'content', desc);",
          "err": {},
          "uuid": "0938a9e3-61c0-46e1-a3a3-390f6708a049",
          "parentUUID": "7b941757-050a-4370-937f-ea93b0c2f5cb",
          "isHook": false,
          "skipped": false
        },
        {
          "title": "Validate Meta Keyword",
          "fullTitle": " Validate Meta Keyword",
          "timedOut": null,
          "duration": 16,
          "state": "passed",
          "speed": "fast",
          "pass": true,
          "fail": false,
          "pending": false,
          "context": null,
          "code": "cy.get('head meta[name=\"keywords\"]').should('have.attr', 'content', keyword);",
          "err": {},
          "uuid": "f074d38c-2711-44a9-987f-e1741f3995c6",
          "parentUUID": "7b941757-050a-4370-937f-ea93b0c2f5cb",
          "isHook": false,
          "skipped": false
        }
      ],
      "suites": [],
      "passes": [
        "f2a1720f-b812-4b6c-9df6-2f6e25454173",
        "b9f8f703-1b48-4e82-8ab4-ea2e90cfc944",
        "0938a9e3-61c0-46e1-a3a3-390f6708a049",
        "f074d38c-2711-44a9-987f-e1741f3995c6"
      ],
      "failures": [],
      "pending": [],
      "skipped": [],
      "duration": 38912,
      "root": true,
      "rootEmpty": false,
      "_timeout": 2000
    }
  ],
  "meta": {
    "mocha": {
      "version": "5.2.0"
    },
    "mochawesome": {
      "options": {
        "quiet": false,
        "reportFilename": "mochawesome",
        "saveHtml": false,
        "saveJson": true,
        "consoleReporter": "spec",
        "useInlineDiffs": false
      },
      "version": "4.1.0"
    },
    "marge": {
      "options": {
        "reportDir": "cypress/report/mochawesome-report",
        "overwrite": false,
        "html": false,
        "json": true,
        "timestamp": "mmddyyyy_HHMMss"
      },
      "version": "4.1.0"
    }
  }
}