{
  "stats": {
    "suites": 0,
    "tests": 4,
    "passes": 4,
    "pending": 0,
    "failures": 0,
    "start": "2020-02-09T15:42:18.262Z",
    "end": "2020-02-09T15:43:04.644Z",
    "duration": 46382,
    "testsRegistered": 4,
    "passPercent": 100,
    "pendingPercent": 0,
    "other": 0,
    "hasOther": false,
    "skipped": 0,
    "hasSkipped": false
  },
  "results": [
    {
      "uuid": "523a343e-48ad-4dae-a8d9-50d7dfae414e",
      "title": "",
      "fullFile": "cypress\\integration\\meta\\metaMovie.spec.js",
      "file": "cypress\\integration\\meta\\metaMovie.spec.js",
      "beforeHooks": [],
      "afterHooks": [],
      "tests": [
        {
          "title": "Meta Movie",
          "fullTitle": " Meta Movie",
          "timedOut": null,
          "duration": 36579,
          "state": "passed",
          "speed": "slow",
          "pass": true,
          "fail": false,
          "pending": false,
          "context": null,
          "code": "// https://docs.cypress.io/guides/references/error-messages.html#Cypress-detected-that-an-uncaught-error-was-thrown-from-a-cross-origin-script\ncy.visit(url);",
          "err": {},
          "uuid": "ace03869-26fc-4b6e-b0b0-2f05546904a6",
          "parentUUID": "523a343e-48ad-4dae-a8d9-50d7dfae414e",
          "isHook": false,
          "skipped": false
        },
        {
          "title": "Validate Meta Title",
          "fullTitle": " Validate Meta Title",
          "timedOut": null,
          "duration": 337,
          "state": "passed",
          "speed": "slow",
          "pass": true,
          "fail": false,
          "pending": false,
          "context": null,
          "code": "cy.get('head meta[name=\"title\"]').should('have.attr', 'content', title);",
          "err": {},
          "uuid": "a183d137-95ec-4f63-9739-5c3a5959401e",
          "parentUUID": "523a343e-48ad-4dae-a8d9-50d7dfae414e",
          "isHook": false,
          "skipped": false
        },
        {
          "title": "Validate Meta Description",
          "fullTitle": " Validate Meta Description",
          "timedOut": null,
          "duration": 26,
          "state": "passed",
          "speed": "fast",
          "pass": true,
          "fail": false,
          "pending": false,
          "context": null,
          "code": "cy.get('head meta[name=\"description\"]').should('have.attr', 'content', desc);",
          "err": {},
          "uuid": "d7bfac92-5460-465d-ad6f-ddac112decdd",
          "parentUUID": "523a343e-48ad-4dae-a8d9-50d7dfae414e",
          "isHook": false,
          "skipped": false
        },
        {
          "title": "Validate Meta Keyword",
          "fullTitle": " Validate Meta Keyword",
          "timedOut": null,
          "duration": 28,
          "state": "passed",
          "speed": "fast",
          "pass": true,
          "fail": false,
          "pending": false,
          "context": null,
          "code": "cy.get('head meta[name=\"keywords\"]').should('have.attr', 'content', keyword);",
          "err": {},
          "uuid": "a401f757-623e-4bdb-9973-13617a2ea89c",
          "parentUUID": "523a343e-48ad-4dae-a8d9-50d7dfae414e",
          "isHook": false,
          "skipped": false
        }
      ],
      "suites": [],
      "passes": [
        "ace03869-26fc-4b6e-b0b0-2f05546904a6",
        "a183d137-95ec-4f63-9739-5c3a5959401e",
        "d7bfac92-5460-465d-ad6f-ddac112decdd",
        "a401f757-623e-4bdb-9973-13617a2ea89c"
      ],
      "failures": [],
      "pending": [],
      "skipped": [],
      "duration": 36970,
      "root": true,
      "rootEmpty": false,
      "_timeout": 2000
    }
  ],
  "meta": {
    "mocha": {
      "version": "5.2.0"
    },
    "mochawesome": {
      "options": {
        "quiet": false,
        "reportFilename": "mochawesome",
        "saveHtml": false,
        "saveJson": true,
        "consoleReporter": "spec",
        "useInlineDiffs": false
      },
      "version": "4.1.0"
    },
    "marge": {
      "options": {
        "reportDir": "cypress/report/mochawesome-report",
        "overwrite": false,
        "html": false,
        "json": true,
        "timestamp": "mmddyyyy_HHMMss"
      },
      "version": "4.1.0"
    }
  }
}