{
  "stats": {
    "suites": 0,
    "tests": 4,
    "passes": 3,
    "pending": 0,
    "failures": 1,
    "start": "2020-02-09T15:34:42.401Z",
    "end": "2020-02-09T15:35:44.941Z",
    "duration": 62540,
    "testsRegistered": 4,
    "passPercent": 75,
    "pendingPercent": 0,
    "other": 0,
    "hasOther": false,
    "skipped": 0,
    "hasSkipped": false
  },
  "results": [
    {
      "uuid": "17af0c47-7516-46bb-93df-0487361b2f39",
      "title": "",
      "fullFile": "cypress\\integration\\meta\\metaHome.spec.js",
      "file": "cypress\\integration\\meta\\metaHome.spec.js",
      "beforeHooks": [],
      "afterHooks": [],
      "tests": [
        {
          "title": "Meta Homepage",
          "fullTitle": " Meta Homepage",
          "timedOut": null,
          "duration": 43648,
          "state": "passed",
          "speed": "slow",
          "pass": true,
          "fail": false,
          "pending": false,
          "context": null,
          "code": "// https://docs.cypress.io/guides/references/error-messages.html#Cypress-detected-that-an-uncaught-error-was-thrown-from-a-cross-origin-script\ncy.visit(url);",
          "err": {},
          "uuid": "382e38ba-c7dd-48f0-8beb-d97397d133f3",
          "parentUUID": "17af0c47-7516-46bb-93df-0487361b2f39",
          "isHook": false,
          "skipped": false
        },
        {
          "title": "Validate Meta Title",
          "fullTitle": " Validate Meta Title",
          "timedOut": null,
          "duration": 5171,
          "state": "failed",
          "speed": null,
          "pass": false,
          "fail": true,
          "pending": false,
          "context": "\"assets/meta\\\\metaHome.spec.js/ -- Validate Meta Title (failed).png\"",
          "code": "cy.get('head meta[name=title]').should('have.attr', 'content', title);",
          "err": {
            "message": "CypressError: Timed out retrying: expected '<meta>' to have attribute 'content' with the value 'RCTI+ - Live Streaming Program 4 TV Terpopuler', but the value was 'RCTI+ - Live Streaming Program 4 TV Terpopuler Ganteng\\n'",
            "estack": "CypressError: Timed out retrying: expected '<meta>' to have attribute 'content' with the value 'RCTI+ - Live Streaming Program 4 TV Terpopuler', but the value was 'RCTI+ - Live Streaming Program 4 TV Terpopuler Ganteng\\n'\n    at Object.cypressErr (https://rc-ssr.rctiplus.com/__cypress/runner/cypress_runner.js:102176:11)\n    at Object.throwErr (https://rc-ssr.rctiplus.com/__cypress/runner/cypress_runner.js:102128:18)\n    at Object.throwErrByPath (https://rc-ssr.rctiplus.com/__cypress/runner/cypress_runner.js:102163:17)\n    at retry (https://rc-ssr.rctiplus.com/__cypress/runner/cypress_runner.js:92756:16)\n    at onFailFn (https://rc-ssr.rctiplus.com/__cypress/runner/cypress_runner.js:80982:16)\n    at tryCatcher (https://rc-ssr.rctiplus.com/__cypress/runner/cypress_runner.js:136088:23)\n    at Promise._settlePromiseFromHandler (https://rc-ssr.rctiplus.com/__cypress/runner/cypress_runner.js:134024:31)\n    at Promise._settlePromise (https://rc-ssr.rctiplus.com/__cypress/runner/cypress_runner.js:134081:18)\n    at Promise._settlePromise0 (https://rc-ssr.rctiplus.com/__cypress/runner/cypress_runner.js:134126:10)\n    at Promise._settlePromises (https://rc-ssr.rctiplus.com/__cypress/runner/cypress_runner.js:134201:18)\n    at Async../node_modules/bluebird/js/release/async.js.Async._drainQueue (https://rc-ssr.rctiplus.com/__cypress/runner/cypress_runner.js:130813:16)\n    at Async../node_modules/bluebird/js/release/async.js.Async._drainQueues (https://rc-ssr.rctiplus.com/__cypress/runner/cypress_runner.js:130823:10)\n    at Async.drainQueues (https://rc-ssr.rctiplus.com/__cypress/runner/cypress_runner.js:130697:14)",
            "diff": null
          },
          "uuid": "1d7a7a9d-c83f-4f2a-bbb8-a2a1e9992e60",
          "parentUUID": "17af0c47-7516-46bb-93df-0487361b2f39",
          "isHook": false,
          "skipped": false
        },
        {
          "title": "Validate Meta Description",
          "fullTitle": " Validate Meta Description",
          "timedOut": null,
          "duration": 42,
          "state": "passed",
          "speed": "medium",
          "pass": true,
          "fail": false,
          "pending": false,
          "context": null,
          "code": "cy.get('head meta[name=\"description\"]').should('have.attr', 'content', desc);",
          "err": {},
          "uuid": "c87adede-6da2-4f8c-bf66-fa7b2406c3f7",
          "parentUUID": "17af0c47-7516-46bb-93df-0487361b2f39",
          "isHook": false,
          "skipped": false
        },
        {
          "title": "Validate Meta Keyword",
          "fullTitle": " Validate Meta Keyword",
          "timedOut": null,
          "duration": 35,
          "state": "passed",
          "speed": "fast",
          "pass": true,
          "fail": false,
          "pending": false,
          "context": null,
          "code": "cy.get('head meta[name=\"keywords\"]').should('have.attr', 'content', keyword);",
          "err": {},
          "uuid": "6ea45c2e-de2d-49a6-bcf0-0b1b045c83fb",
          "parentUUID": "17af0c47-7516-46bb-93df-0487361b2f39",
          "isHook": false,
          "skipped": false
        }
      ],
      "suites": [],
      "passes": [
        "382e38ba-c7dd-48f0-8beb-d97397d133f3",
        "c87adede-6da2-4f8c-bf66-fa7b2406c3f7",
        "6ea45c2e-de2d-49a6-bcf0-0b1b045c83fb"
      ],
      "failures": [
        "1d7a7a9d-c83f-4f2a-bbb8-a2a1e9992e60"
      ],
      "pending": [],
      "skipped": [],
      "duration": 48896,
      "root": true,
      "rootEmpty": false,
      "_timeout": 2000
    }
  ],
  "meta": {
    "mocha": {
      "version": "5.2.0"
    },
    "mochawesome": {
      "options": {
        "quiet": false,
        "reportFilename": "mochawesome",
        "saveHtml": false,
        "saveJson": true,
        "consoleReporter": "spec",
        "useInlineDiffs": false
      },
      "version": "4.1.0"
    },
    "marge": {
      "options": {
        "reportDir": "cypress/report/mochawesome-report",
        "overwrite": false,
        "html": false,
        "json": true,
        "timestamp": "mmddyyyy_HHMMss"
      },
      "version": "4.1.0"
    }
  }
}