{
  "stats": {
    "suites": 0,
    "tests": 4,
    "passes": 1,
    "pending": 0,
    "failures": 3,
    "start": "2020-02-09T15:51:01.911Z",
    "end": "2020-02-09T15:51:29.950Z",
    "duration": 28039,
    "testsRegistered": 4,
    "passPercent": 25,
    "pendingPercent": 0,
    "other": 0,
    "hasOther": false,
    "skipped": 0,
    "hasSkipped": false
  },
  "results": [
    {
      "uuid": "f25b4920-5df3-4322-b444-e9c42a6df7c1",
      "title": "",
      "fullFile": "cypress\\integration\\meta\\metaRcti.spec.js",
      "file": "cypress\\integration\\meta\\metaRcti.spec.js",
      "beforeHooks": [],
      "afterHooks": [],
      "tests": [
        {
          "title": "Meta RCTI",
          "fullTitle": " Meta RCTI",
          "timedOut": null,
          "duration": 7164,
          "state": "passed",
          "speed": "slow",
          "pass": true,
          "fail": false,
          "pending": false,
          "context": null,
          "code": "// https://docs.cypress.io/guides/references/error-messages.html#Cypress-detected-that-an-uncaught-error-was-thrown-from-a-cross-origin-script\ncy.visit(url);",
          "err": {},
          "uuid": "cce46d16-c39b-4ecf-bdd4-2ee4ac551a6e",
          "parentUUID": "f25b4920-5df3-4322-b444-e9c42a6df7c1",
          "isHook": false,
          "skipped": false
        },
        {
          "title": "Validate Meta Title",
          "fullTitle": " Validate Meta Title",
          "timedOut": null,
          "duration": 4587,
          "state": "failed",
          "speed": null,
          "pass": false,
          "fail": true,
          "pending": false,
          "context": "\"assets/meta\\\\metaRcti.spec.js/ -- Validate Meta Title (failed).png\"",
          "code": "cy.get('head meta[name=\"title\"]').should('have.attr', 'content', title);",
          "err": {
            "message": "CypressError: Timed out retrying: Expected to find element: 'head meta[name=\"title\"]', but never found it.",
            "estack": "CypressError: Timed out retrying: Expected to find element: 'head meta[name=\"title\"]', but never found it.\n    at Object.cypressErr (https://rc-ssr.rctiplus.com/__cypress/runner/cypress_runner.js:102176:11)\n    at Object.throwErr (https://rc-ssr.rctiplus.com/__cypress/runner/cypress_runner.js:102128:18)\n    at Object.throwErrByPath (https://rc-ssr.rctiplus.com/__cypress/runner/cypress_runner.js:102163:17)\n    at retry (https://rc-ssr.rctiplus.com/__cypress/runner/cypress_runner.js:92756:16)\n    at onFailFn (https://rc-ssr.rctiplus.com/__cypress/runner/cypress_runner.js:80982:16)\n    at tryCatcher (https://rc-ssr.rctiplus.com/__cypress/runner/cypress_runner.js:136088:23)\n    at Promise._settlePromiseFromHandler (https://rc-ssr.rctiplus.com/__cypress/runner/cypress_runner.js:134024:31)\n    at Promise._settlePromise (https://rc-ssr.rctiplus.com/__cypress/runner/cypress_runner.js:134081:18)\n    at Promise._settlePromise0 (https://rc-ssr.rctiplus.com/__cypress/runner/cypress_runner.js:134126:10)\n    at Promise._settlePromises (https://rc-ssr.rctiplus.com/__cypress/runner/cypress_runner.js:134201:18)\n    at Async../node_modules/bluebird/js/release/async.js.Async._drainQueue (https://rc-ssr.rctiplus.com/__cypress/runner/cypress_runner.js:130813:16)\n    at Async../node_modules/bluebird/js/release/async.js.Async._drainQueues (https://rc-ssr.rctiplus.com/__cypress/runner/cypress_runner.js:130823:10)\n    at Async.drainQueues (https://rc-ssr.rctiplus.com/__cypress/runner/cypress_runner.js:130697:14)",
            "diff": null
          },
          "uuid": "7d5248ba-c1ce-4ee9-8605-4fff6a4acf73",
          "parentUUID": "f25b4920-5df3-4322-b444-e9c42a6df7c1",
          "isHook": false,
          "skipped": false
        },
        {
          "title": "Validate Meta Description",
          "fullTitle": " Validate Meta Description",
          "timedOut": null,
          "duration": 4419,
          "state": "failed",
          "speed": null,
          "pass": false,
          "fail": true,
          "pending": false,
          "context": "\"assets/meta\\\\metaRcti.spec.js/ -- Validate Meta Description (failed).png\"",
          "code": "cy.get('head meta[name=\"description\"]').should('have.attr', 'content', desc);",
          "err": {
            "message": "CypressError: Timed out retrying: Expected to find element: 'head meta[name=\"description\"]', but never found it.",
            "estack": "CypressError: Timed out retrying: Expected to find element: 'head meta[name=\"description\"]', but never found it.\n    at Object.cypressErr (https://rc-ssr.rctiplus.com/__cypress/runner/cypress_runner.js:102176:11)\n    at Object.throwErr (https://rc-ssr.rctiplus.com/__cypress/runner/cypress_runner.js:102128:18)\n    at Object.throwErrByPath (https://rc-ssr.rctiplus.com/__cypress/runner/cypress_runner.js:102163:17)\n    at retry (https://rc-ssr.rctiplus.com/__cypress/runner/cypress_runner.js:92756:16)\n    at onFailFn (https://rc-ssr.rctiplus.com/__cypress/runner/cypress_runner.js:80982:16)\n    at tryCatcher (https://rc-ssr.rctiplus.com/__cypress/runner/cypress_runner.js:136088:23)\n    at Promise._settlePromiseFromHandler (https://rc-ssr.rctiplus.com/__cypress/runner/cypress_runner.js:134024:31)\n    at Promise._settlePromise (https://rc-ssr.rctiplus.com/__cypress/runner/cypress_runner.js:134081:18)\n    at Promise._settlePromise0 (https://rc-ssr.rctiplus.com/__cypress/runner/cypress_runner.js:134126:10)\n    at Promise._settlePromises (https://rc-ssr.rctiplus.com/__cypress/runner/cypress_runner.js:134201:18)\n    at Async../node_modules/bluebird/js/release/async.js.Async._drainQueue (https://rc-ssr.rctiplus.com/__cypress/runner/cypress_runner.js:130813:16)\n    at Async../node_modules/bluebird/js/release/async.js.Async._drainQueues (https://rc-ssr.rctiplus.com/__cypress/runner/cypress_runner.js:130823:10)\n    at Async.drainQueues (https://rc-ssr.rctiplus.com/__cypress/runner/cypress_runner.js:130697:14)",
            "diff": null
          },
          "uuid": "749d1c8d-c1dc-482d-bb2f-3615bd2622b7",
          "parentUUID": "f25b4920-5df3-4322-b444-e9c42a6df7c1",
          "isHook": false,
          "skipped": false
        },
        {
          "title": "Validate Meta Keyword",
          "fullTitle": " Validate Meta Keyword",
          "timedOut": null,
          "duration": 4507,
          "state": "failed",
          "speed": null,
          "pass": false,
          "fail": true,
          "pending": false,
          "context": "\"assets/meta\\\\metaRcti.spec.js/ -- Validate Meta Keyword (failed).png\"",
          "code": "cy.get('head meta[name=\"keywords\"]').should('have.attr', 'content', keyword);",
          "err": {
            "message": "CypressError: Timed out retrying: Expected to find element: 'head meta[name=\"keywords\"]', but never found it.",
            "estack": "CypressError: Timed out retrying: Expected to find element: 'head meta[name=\"keywords\"]', but never found it.\n    at Object.cypressErr (https://rc-ssr.rctiplus.com/__cypress/runner/cypress_runner.js:102176:11)\n    at Object.throwErr (https://rc-ssr.rctiplus.com/__cypress/runner/cypress_runner.js:102128:18)\n    at Object.throwErrByPath (https://rc-ssr.rctiplus.com/__cypress/runner/cypress_runner.js:102163:17)\n    at retry (https://rc-ssr.rctiplus.com/__cypress/runner/cypress_runner.js:92756:16)\n    at onFailFn (https://rc-ssr.rctiplus.com/__cypress/runner/cypress_runner.js:80982:16)\n    at tryCatcher (https://rc-ssr.rctiplus.com/__cypress/runner/cypress_runner.js:136088:23)\n    at Promise._settlePromiseFromHandler (https://rc-ssr.rctiplus.com/__cypress/runner/cypress_runner.js:134024:31)\n    at Promise._settlePromise (https://rc-ssr.rctiplus.com/__cypress/runner/cypress_runner.js:134081:18)\n    at Promise._settlePromise0 (https://rc-ssr.rctiplus.com/__cypress/runner/cypress_runner.js:134126:10)\n    at Promise._settlePromises (https://rc-ssr.rctiplus.com/__cypress/runner/cypress_runner.js:134201:18)\n    at Async../node_modules/bluebird/js/release/async.js.Async._drainQueue (https://rc-ssr.rctiplus.com/__cypress/runner/cypress_runner.js:130813:16)\n    at Async../node_modules/bluebird/js/release/async.js.Async._drainQueues (https://rc-ssr.rctiplus.com/__cypress/runner/cypress_runner.js:130823:10)\n    at Async.drainQueues (https://rc-ssr.rctiplus.com/__cypress/runner/cypress_runner.js:130697:14)",
            "diff": null
          },
          "uuid": "d748aca5-d0b4-4df4-998f-7c19e9ac5189",
          "parentUUID": "f25b4920-5df3-4322-b444-e9c42a6df7c1",
          "isHook": false,
          "skipped": false
        }
      ],
      "suites": [],
      "passes": [
        "cce46d16-c39b-4ecf-bdd4-2ee4ac551a6e"
      ],
      "failures": [
        "7d5248ba-c1ce-4ee9-8605-4fff6a4acf73",
        "749d1c8d-c1dc-482d-bb2f-3615bd2622b7",
        "d748aca5-d0b4-4df4-998f-7c19e9ac5189"
      ],
      "pending": [],
      "skipped": [],
      "duration": 20677,
      "root": true,
      "rootEmpty": false,
      "_timeout": 2000
    }
  ],
  "meta": {
    "mocha": {
      "version": "5.2.0"
    },
    "mochawesome": {
      "options": {
        "quiet": false,
        "reportFilename": "mochawesome",
        "saveHtml": false,
        "saveJson": true,
        "consoleReporter": "spec",
        "useInlineDiffs": false
      },
      "version": "4.1.0"
    },
    "marge": {
      "options": {
        "reportDir": "cypress/report/mochawesome-report",
        "overwrite": false,
        "html": false,
        "json": true,
        "timestamp": "mmddyyyy_HHMMss"
      },
      "version": "4.1.0"
    }
  }
}