{
  "stats": {
    "suites": 0,
    "tests": 4,
    "passes": 4,
    "pending": 0,
    "failures": 0,
    "start": "2020-02-09T15:28:42.448Z",
    "end": "2020-02-09T15:29:30.259Z",
    "duration": 47811,
    "testsRegistered": 4,
    "passPercent": 100,
    "pendingPercent": 0,
    "other": 0,
    "hasOther": false,
    "skipped": 0,
    "hasSkipped": false
  },
  "results": [
    {
      "uuid": "45eeeb52-4e7a-4efd-bf87-01403dea79e8",
      "title": "",
      "fullFile": "cypress\\integration\\meta\\metaForyou.spec.js",
      "file": "cypress\\integration\\meta\\metaForyou.spec.js",
      "beforeHooks": [],
      "afterHooks": [],
      "tests": [
        {
          "title": "Meta For You",
          "fullTitle": " Meta For You",
          "timedOut": null,
          "duration": 38278,
          "state": "passed",
          "speed": "slow",
          "pass": true,
          "fail": false,
          "pending": false,
          "context": null,
          "code": "// https://docs.cypress.io/guides/references/error-messages.html#Cypress-detected-that-an-uncaught-error-was-thrown-from-a-cross-origin-script\ncy.visit(url);",
          "err": {},
          "uuid": "9ed3222c-c066-4a9c-939c-123956a44263",
          "parentUUID": "45eeeb52-4e7a-4efd-bf87-01403dea79e8",
          "isHook": false,
          "skipped": false
        },
        {
          "title": "Validate Meta Title",
          "fullTitle": " Validate Meta Title",
          "timedOut": null,
          "duration": 415,
          "state": "passed",
          "speed": "slow",
          "pass": true,
          "fail": false,
          "pending": false,
          "context": null,
          "code": "cy.get('head meta[name=\"title\"]').should('have.attr', 'content', title);",
          "err": {},
          "uuid": "79ff5f66-2bdf-4184-b46a-782dbbdbf3b2",
          "parentUUID": "45eeeb52-4e7a-4efd-bf87-01403dea79e8",
          "isHook": false,
          "skipped": false
        },
        {
          "title": "Validate Meta Description",
          "fullTitle": " Validate Meta Description",
          "timedOut": null,
          "duration": 36,
          "state": "passed",
          "speed": "fast",
          "pass": true,
          "fail": false,
          "pending": false,
          "context": null,
          "code": "cy.get('head meta[name=\"description\"]').should('have.attr', 'content', desc);",
          "err": {},
          "uuid": "6500373d-6668-454c-9329-bcbe534b12f6",
          "parentUUID": "45eeeb52-4e7a-4efd-bf87-01403dea79e8",
          "isHook": false,
          "skipped": false
        },
        {
          "title": "Validate Meta Keyword",
          "fullTitle": " Validate Meta Keyword",
          "timedOut": null,
          "duration": 27,
          "state": "passed",
          "speed": "fast",
          "pass": true,
          "fail": false,
          "pending": false,
          "context": null,
          "code": "cy.get('head meta[name=\"keywords\"]').should('have.attr', 'content', keyword);",
          "err": {},
          "uuid": "64564f11-bd82-4714-8628-21043aabe596",
          "parentUUID": "45eeeb52-4e7a-4efd-bf87-01403dea79e8",
          "isHook": false,
          "skipped": false
        }
      ],
      "suites": [],
      "passes": [
        "9ed3222c-c066-4a9c-939c-123956a44263",
        "79ff5f66-2bdf-4184-b46a-782dbbdbf3b2",
        "6500373d-6668-454c-9329-bcbe534b12f6",
        "64564f11-bd82-4714-8628-21043aabe596"
      ],
      "failures": [],
      "pending": [],
      "skipped": [],
      "duration": 38756,
      "root": true,
      "rootEmpty": false,
      "_timeout": 2000
    }
  ],
  "meta": {
    "mocha": {
      "version": "5.2.0"
    },
    "mochawesome": {
      "options": {
        "quiet": false,
        "reportFilename": "mochawesome",
        "saveHtml": false,
        "saveJson": true,
        "consoleReporter": "spec",
        "useInlineDiffs": false
      },
      "version": "4.1.0"
    },
    "marge": {
      "options": {
        "reportDir": "cypress/report/mochawesome-report",
        "overwrite": false,
        "html": false,
        "json": true,
        "timestamp": "mmddyyyy_HHMMss"
      },
      "version": "4.1.0"
    }
  }
}