{
  "stats": {
    "suites": 0,
    "tests": 4,
    "passes": 4,
    "pending": 0,
    "failures": 0,
    "start": "2020-02-09T16:00:01.036Z",
    "end": "2020-02-09T16:00:58.261Z",
    "duration": 57225,
    "testsRegistered": 4,
    "passPercent": 100,
    "pendingPercent": 0,
    "other": 0,
    "hasOther": false,
    "skipped": 0,
    "hasSkipped": false
  },
  "results": [
    {
      "uuid": "7a9be7ff-04b7-437c-bc0d-2e92d094508f",
      "title": "",
      "fullFile": "cypress\\integration\\meta\\metaTalentSearch.spec.js",
      "file": "cypress\\integration\\meta\\metaTalentSearch.spec.js",
      "beforeHooks": [],
      "afterHooks": [],
      "tests": [
        {
          "title": "Meta Talent Search",
          "fullTitle": " Meta Talent Search",
          "timedOut": null,
          "duration": 47613,
          "state": "passed",
          "speed": "slow",
          "pass": true,
          "fail": false,
          "pending": false,
          "context": null,
          "code": "// https://docs.cypress.io/guides/references/error-messages.html#Cypress-detected-that-an-uncaught-error-was-thrown-from-a-cross-origin-script\ncy.visit(url);",
          "err": {},
          "uuid": "63b2c1af-5f73-490b-9e80-b265af07e9f4",
          "parentUUID": "7a9be7ff-04b7-437c-bc0d-2e92d094508f",
          "isHook": false,
          "skipped": false
        },
        {
          "title": "Validate Meta Title",
          "fullTitle": " Validate Meta Title",
          "timedOut": null,
          "duration": 260,
          "state": "passed",
          "speed": "slow",
          "pass": true,
          "fail": false,
          "pending": false,
          "context": null,
          "code": "cy.get('head meta[name=\"title\"]').should('have.attr', 'content', title);",
          "err": {},
          "uuid": "217bc3e8-d702-45e9-90e3-15c14dee27e8",
          "parentUUID": "7a9be7ff-04b7-437c-bc0d-2e92d094508f",
          "isHook": false,
          "skipped": false
        },
        {
          "title": "Validate Meta Description",
          "fullTitle": " Validate Meta Description",
          "timedOut": null,
          "duration": 17,
          "state": "passed",
          "speed": "fast",
          "pass": true,
          "fail": false,
          "pending": false,
          "context": null,
          "code": "cy.get('head meta[name=\"description\"]').should('have.attr', 'content', desc);",
          "err": {},
          "uuid": "14fde9ee-5349-49a7-8a0c-01ab33f1348f",
          "parentUUID": "7a9be7ff-04b7-437c-bc0d-2e92d094508f",
          "isHook": false,
          "skipped": false
        },
        {
          "title": "Validate Meta Keyword",
          "fullTitle": " Validate Meta Keyword",
          "timedOut": null,
          "duration": 18,
          "state": "passed",
          "speed": "fast",
          "pass": true,
          "fail": false,
          "pending": false,
          "context": null,
          "code": "cy.get('head meta[name=\"keywords\"]').should('have.attr', 'content', keyword);",
          "err": {},
          "uuid": "7e806aa6-22bc-4871-8029-6933723f17e7",
          "parentUUID": "7a9be7ff-04b7-437c-bc0d-2e92d094508f",
          "isHook": false,
          "skipped": false
        }
      ],
      "suites": [],
      "passes": [
        "63b2c1af-5f73-490b-9e80-b265af07e9f4",
        "217bc3e8-d702-45e9-90e3-15c14dee27e8",
        "14fde9ee-5349-49a7-8a0c-01ab33f1348f",
        "7e806aa6-22bc-4871-8029-6933723f17e7"
      ],
      "failures": [],
      "pending": [],
      "skipped": [],
      "duration": 47908,
      "root": true,
      "rootEmpty": false,
      "_timeout": 2000
    }
  ],
  "meta": {
    "mocha": {
      "version": "5.2.0"
    },
    "mochawesome": {
      "options": {
        "quiet": false,
        "reportFilename": "mochawesome",
        "saveHtml": false,
        "saveJson": true,
        "consoleReporter": "spec",
        "useInlineDiffs": false
      },
      "version": "4.1.0"
    },
    "marge": {
      "options": {
        "reportDir": "cypress/report/mochawesome-report",
        "overwrite": false,
        "html": false,
        "json": true,
        "timestamp": "mmddyyyy_HHMMss"
      },
      "version": "4.1.0"
    }
  }
}