{
  "stats": {
    "suites": 0,
    "tests": 4,
    "passes": 4,
    "pending": 0,
    "failures": 0,
    "start": "2020-02-09T16:03:31.245Z",
    "end": "2020-02-09T16:04:26.357Z",
    "duration": 55112,
    "testsRegistered": 4,
    "passPercent": 100,
    "pendingPercent": 0,
    "other": 0,
    "hasOther": false,
    "skipped": 0,
    "hasSkipped": false
  },
  "results": [
    {
      "uuid": "09f2d844-7d3c-428c-9b8b-8683867362d8",
      "title": "",
      "fullFile": "cypress\\integration\\meta\\metaTop.spec.js",
      "file": "cypress\\integration\\meta\\metaTop.spec.js",
      "beforeHooks": [],
      "afterHooks": [],
      "tests": [
        {
          "title": "Meta Top",
          "fullTitle": " Meta Top",
          "timedOut": null,
          "duration": 45280,
          "state": "passed",
          "speed": "slow",
          "pass": true,
          "fail": false,
          "pending": false,
          "context": null,
          "code": "// https://docs.cypress.io/guides/references/error-messages.html#Cypress-detected-that-an-uncaught-error-was-thrown-from-a-cross-origin-script\ncy.visit(url);",
          "err": {},
          "uuid": "64a1c67f-e8a4-4cf5-a599-0b5ec0f00596",
          "parentUUID": "09f2d844-7d3c-428c-9b8b-8683867362d8",
          "isHook": false,
          "skipped": false
        },
        {
          "title": "Validate Meta Title",
          "fullTitle": " Validate Meta Title",
          "timedOut": null,
          "duration": 279,
          "state": "passed",
          "speed": "slow",
          "pass": true,
          "fail": false,
          "pending": false,
          "context": null,
          "code": "cy.get('head meta[name=\"title\"]').should('have.attr', 'content', title);",
          "err": {},
          "uuid": "7e3e39db-3f45-4348-98cf-8f595479db91",
          "parentUUID": "09f2d844-7d3c-428c-9b8b-8683867362d8",
          "isHook": false,
          "skipped": false
        },
        {
          "title": "Validate Meta Description",
          "fullTitle": " Validate Meta Description",
          "timedOut": null,
          "duration": 14,
          "state": "passed",
          "speed": "fast",
          "pass": true,
          "fail": false,
          "pending": false,
          "context": null,
          "code": "cy.get('head meta[name=\"description\"]').should('have.attr', 'content', desc);",
          "err": {},
          "uuid": "834349b0-4ab5-48c3-8585-a7a5cf294cb9",
          "parentUUID": "09f2d844-7d3c-428c-9b8b-8683867362d8",
          "isHook": false,
          "skipped": false
        },
        {
          "title": "Validate Meta Keyword",
          "fullTitle": " Validate Meta Keyword",
          "timedOut": null,
          "duration": 16,
          "state": "passed",
          "speed": "fast",
          "pass": true,
          "fail": false,
          "pending": false,
          "context": null,
          "code": "cy.get('head meta[name=\"keywords\"]').should('have.attr', 'content', keyword);",
          "err": {},
          "uuid": "470b6bbd-af07-4375-85b4-bfa7e18f5269",
          "parentUUID": "09f2d844-7d3c-428c-9b8b-8683867362d8",
          "isHook": false,
          "skipped": false
        }
      ],
      "suites": [],
      "passes": [
        "64a1c67f-e8a4-4cf5-a599-0b5ec0f00596",
        "7e3e39db-3f45-4348-98cf-8f595479db91",
        "834349b0-4ab5-48c3-8585-a7a5cf294cb9",
        "470b6bbd-af07-4375-85b4-bfa7e18f5269"
      ],
      "failures": [],
      "pending": [],
      "skipped": [],
      "duration": 45589,
      "root": true,
      "rootEmpty": false,
      "_timeout": 2000
    }
  ],
  "meta": {
    "mocha": {
      "version": "5.2.0"
    },
    "mochawesome": {
      "options": {
        "quiet": false,
        "reportFilename": "mochawesome",
        "saveHtml": false,
        "saveJson": true,
        "consoleReporter": "spec",
        "useInlineDiffs": false
      },
      "version": "4.1.0"
    },
    "marge": {
      "options": {
        "reportDir": "cypress/report/mochawesome-report",
        "overwrite": false,
        "html": false,
        "json": true,
        "timestamp": "mmddyyyy_HHMMss"
      },
      "version": "4.1.0"
    }
  }
}