{
  "stats": {
    "suites": 0,
    "tests": 4,
    "passes": 0,
    "pending": 0,
    "failures": 4,
    "start": "2020-02-09T15:37:29.015Z",
    "end": "2020-02-09T15:37:54.656Z",
    "duration": 25641,
    "testsRegistered": 4,
    "passPercent": 0,
    "pendingPercent": 0,
    "other": 0,
    "hasOther": false,
    "skipped": 0,
    "hasSkipped": false
  },
  "results": [
    {
      "uuid": "32bab620-e6f0-4350-bd41-f696bcfbe7d9",
      "title": "",
      "fullFile": "cypress\\integration\\meta\\metaInfotainment.spec.js",
      "file": "cypress\\integration\\meta\\metaInfotainment.spec.js",
      "beforeHooks": [],
      "afterHooks": [],
      "tests": [
        {
          "title": "Meta Infotainment",
          "fullTitle": " Meta Infotainment",
          "timedOut": null,
          "duration": 11609,
          "state": "failed",
          "speed": null,
          "pass": false,
          "fail": true,
          "pending": false,
          "context": "\"assets/meta\\\\metaInfotainment.spec.js/ -- Meta Infotainment (failed).png\"",
          "code": "// https://docs.cypress.io/guides/references/error-messages.html#Cypress-detected-that-an-uncaught-error-was-thrown-from-a-cross-origin-script\ncy.visit(url);",
          "err": {
            "message": "CypressError: cy.visit() failed trying to load:\n\nhttp://rc-ssr.rctiplus.com/explores/search?id=17\n\nThe response we received from your web server was:\n\n  > 500: Server Error\n\nThis was considered a failure because the status code was not '2xx'.\n\nThis http request was redirected '1' time to:\n\n  - 301: https://rc-ssr.rctiplus.com/explores/search?id=17\n\nIf you do not want status codes to cause failures pass the option: 'failOnStatusCode: false'",
            "estack": "CypressError: cy.visit() failed trying to load:\n\nhttp://rc-ssr.rctiplus.com/explores/search?id=17\n\nThe response we received from your web server was:\n\n  > 500: Server Error\n\nThis was considered a failure because the status code was not '2xx'.\n\nThis http request was redirected '1' time to:\n\n  - 301: https://rc-ssr.rctiplus.com/explores/search?id=17\n\nIf you do not want status codes to cause failures pass the option: 'failOnStatusCode: false'\n    at Object.cypressErr (http://rc-ssr.rctiplus.com/__cypress/runner/cypress_runner.js:102176:11)\n    at Object.throwErr (http://rc-ssr.rctiplus.com/__cypress/runner/cypress_runner.js:102128:18)\n    at Object.throwErrByPath (http://rc-ssr.rctiplus.com/__cypress/runner/cypress_runner.js:102163:17)\n    at http://rc-ssr.rctiplus.com/__cypress/runner/cypress_runner.js:87323:31\n    at visitFailedByErr (http://rc-ssr.rctiplus.com/__cypress/runner/cypress_runner.js:86836:12)\n    at http://rc-ssr.rctiplus.com/__cypress/runner/cypress_runner.js:87304:22\n    at tryCatcher (http://rc-ssr.rctiplus.com/__cypress/runner/cypress_runner.js:136088:23)\n    at Promise._settlePromiseFromHandler (http://rc-ssr.rctiplus.com/__cypress/runner/cypress_runner.js:134024:31)\n    at Promise._settlePromise (http://rc-ssr.rctiplus.com/__cypress/runner/cypress_runner.js:134081:18)\n    at Promise._settlePromise0 (http://rc-ssr.rctiplus.com/__cypress/runner/cypress_runner.js:134126:10)\n    at Promise._settlePromises (http://rc-ssr.rctiplus.com/__cypress/runner/cypress_runner.js:134201:18)\n    at Async../node_modules/bluebird/js/release/async.js.Async._drainQueue (http://rc-ssr.rctiplus.com/__cypress/runner/cypress_runner.js:130813:16)\n    at Async../node_modules/bluebird/js/release/async.js.Async._drainQueues (http://rc-ssr.rctiplus.com/__cypress/runner/cypress_runner.js:130823:10)\n    at Async.drainQueues (http://rc-ssr.rctiplus.com/__cypress/runner/cypress_runner.js:130697:14)",
            "diff": null
          },
          "uuid": "d927cebf-0e96-4678-9ca5-5620ba0afc2e",
          "parentUUID": "32bab620-e6f0-4350-bd41-f696bcfbe7d9",
          "isHook": false,
          "skipped": false
        },
        {
          "title": "Validate Meta Title",
          "fullTitle": " Validate Meta Title",
          "timedOut": null,
          "duration": 4766,
          "state": "failed",
          "speed": null,
          "pass": false,
          "fail": true,
          "pending": false,
          "context": "\"assets/meta\\\\metaInfotainment.spec.js/ -- Validate Meta Title (failed).png\"",
          "code": "cy.get('head meta[name=\"title\"]').should('have.attr', 'content', title);",
          "err": {
            "message": "CypressError: Timed out retrying: Expected to find element: 'head meta[name=\"title\"]', but never found it.",
            "estack": "CypressError: Timed out retrying: Expected to find element: 'head meta[name=\"title\"]', but never found it.\n    at Object.cypressErr (http://rc-ssr.rctiplus.com/__cypress/runner/cypress_runner.js:102176:11)\n    at Object.throwErr (http://rc-ssr.rctiplus.com/__cypress/runner/cypress_runner.js:102128:18)\n    at Object.throwErrByPath (http://rc-ssr.rctiplus.com/__cypress/runner/cypress_runner.js:102163:17)\n    at retry (http://rc-ssr.rctiplus.com/__cypress/runner/cypress_runner.js:92756:16)\n    at onFailFn (http://rc-ssr.rctiplus.com/__cypress/runner/cypress_runner.js:80982:16)\n    at tryCatcher (http://rc-ssr.rctiplus.com/__cypress/runner/cypress_runner.js:136088:23)\n    at Promise._settlePromiseFromHandler (http://rc-ssr.rctiplus.com/__cypress/runner/cypress_runner.js:134024:31)\n    at Promise._settlePromise (http://rc-ssr.rctiplus.com/__cypress/runner/cypress_runner.js:134081:18)\n    at Promise._settlePromise0 (http://rc-ssr.rctiplus.com/__cypress/runner/cypress_runner.js:134126:10)\n    at Promise._settlePromises (http://rc-ssr.rctiplus.com/__cypress/runner/cypress_runner.js:134201:18)\n    at Async../node_modules/bluebird/js/release/async.js.Async._drainQueue (http://rc-ssr.rctiplus.com/__cypress/runner/cypress_runner.js:130813:16)\n    at Async../node_modules/bluebird/js/release/async.js.Async._drainQueues (http://rc-ssr.rctiplus.com/__cypress/runner/cypress_runner.js:130823:10)\n    at Async.drainQueues (http://rc-ssr.rctiplus.com/__cypress/runner/cypress_runner.js:130697:14)",
            "diff": null
          },
          "uuid": "f9a0a0c5-324c-4794-b689-655314f58be5",
          "parentUUID": "32bab620-e6f0-4350-bd41-f696bcfbe7d9",
          "isHook": false,
          "skipped": false
        },
        {
          "title": "Validate Meta Description",
          "fullTitle": " Validate Meta Description",
          "timedOut": null,
          "duration": 4552,
          "state": "failed",
          "speed": null,
          "pass": false,
          "fail": true,
          "pending": false,
          "context": "\"assets/meta\\\\metaInfotainment.spec.js/ -- Validate Meta Description (failed).png\"",
          "code": "cy.get('head meta[name=\"description\"]').should('have.attr', 'content', desc);",
          "err": {
            "message": "CypressError: Timed out retrying: Expected to find element: 'head meta[name=\"description\"]', but never found it.",
            "estack": "CypressError: Timed out retrying: Expected to find element: 'head meta[name=\"description\"]', but never found it.\n    at Object.cypressErr (http://rc-ssr.rctiplus.com/__cypress/runner/cypress_runner.js:102176:11)\n    at Object.throwErr (http://rc-ssr.rctiplus.com/__cypress/runner/cypress_runner.js:102128:18)\n    at Object.throwErrByPath (http://rc-ssr.rctiplus.com/__cypress/runner/cypress_runner.js:102163:17)\n    at retry (http://rc-ssr.rctiplus.com/__cypress/runner/cypress_runner.js:92756:16)\n    at onFailFn (http://rc-ssr.rctiplus.com/__cypress/runner/cypress_runner.js:80982:16)\n    at tryCatcher (http://rc-ssr.rctiplus.com/__cypress/runner/cypress_runner.js:136088:23)\n    at Promise._settlePromiseFromHandler (http://rc-ssr.rctiplus.com/__cypress/runner/cypress_runner.js:134024:31)\n    at Promise._settlePromise (http://rc-ssr.rctiplus.com/__cypress/runner/cypress_runner.js:134081:18)\n    at Promise._settlePromise0 (http://rc-ssr.rctiplus.com/__cypress/runner/cypress_runner.js:134126:10)\n    at Promise._settlePromises (http://rc-ssr.rctiplus.com/__cypress/runner/cypress_runner.js:134201:18)\n    at Async../node_modules/bluebird/js/release/async.js.Async._drainQueue (http://rc-ssr.rctiplus.com/__cypress/runner/cypress_runner.js:130813:16)\n    at Async../node_modules/bluebird/js/release/async.js.Async._drainQueues (http://rc-ssr.rctiplus.com/__cypress/runner/cypress_runner.js:130823:10)\n    at Async.drainQueues (http://rc-ssr.rctiplus.com/__cypress/runner/cypress_runner.js:130697:14)",
            "diff": null
          },
          "uuid": "83965e4e-1180-4954-8841-60027d9557a2",
          "parentUUID": "32bab620-e6f0-4350-bd41-f696bcfbe7d9",
          "isHook": false,
          "skipped": false
        },
        {
          "title": "Validate Meta Keyword",
          "fullTitle": " Validate Meta Keyword",
          "timedOut": null,
          "duration": 4619,
          "state": "failed",
          "speed": null,
          "pass": false,
          "fail": true,
          "pending": false,
          "context": "\"assets/meta\\\\metaInfotainment.spec.js/ -- Validate Meta Keyword (failed).png\"",
          "code": "cy.get('head meta[name=\"keywords\"]').should('have.attr', 'content', keyword);",
          "err": {
            "message": "CypressError: Timed out retrying: Expected to find element: 'head meta[name=\"keywords\"]', but never found it.",
            "estack": "CypressError: Timed out retrying: Expected to find element: 'head meta[name=\"keywords\"]', but never found it.\n    at Object.cypressErr (http://rc-ssr.rctiplus.com/__cypress/runner/cypress_runner.js:102176:11)\n    at Object.throwErr (http://rc-ssr.rctiplus.com/__cypress/runner/cypress_runner.js:102128:18)\n    at Object.throwErrByPath (http://rc-ssr.rctiplus.com/__cypress/runner/cypress_runner.js:102163:17)\n    at retry (http://rc-ssr.rctiplus.com/__cypress/runner/cypress_runner.js:92756:16)\n    at onFailFn (http://rc-ssr.rctiplus.com/__cypress/runner/cypress_runner.js:80982:16)\n    at tryCatcher (http://rc-ssr.rctiplus.com/__cypress/runner/cypress_runner.js:136088:23)\n    at Promise._settlePromiseFromHandler (http://rc-ssr.rctiplus.com/__cypress/runner/cypress_runner.js:134024:31)\n    at Promise._settlePromise (http://rc-ssr.rctiplus.com/__cypress/runner/cypress_runner.js:134081:18)\n    at Promise._settlePromise0 (http://rc-ssr.rctiplus.com/__cypress/runner/cypress_runner.js:134126:10)\n    at Promise._settlePromises (http://rc-ssr.rctiplus.com/__cypress/runner/cypress_runner.js:134201:18)\n    at Async../node_modules/bluebird/js/release/async.js.Async._drainQueue (http://rc-ssr.rctiplus.com/__cypress/runner/cypress_runner.js:130813:16)\n    at Async../node_modules/bluebird/js/release/async.js.Async._drainQueues (http://rc-ssr.rctiplus.com/__cypress/runner/cypress_runner.js:130823:10)\n    at Async.drainQueues (http://rc-ssr.rctiplus.com/__cypress/runner/cypress_runner.js:130697:14)",
            "diff": null
          },
          "uuid": "e93c48aa-daeb-41b0-96b7-48e1967f7c36",
          "parentUUID": "32bab620-e6f0-4350-bd41-f696bcfbe7d9",
          "isHook": false,
          "skipped": false
        }
      ],
      "suites": [],
      "passes": [],
      "failures": [
        "d927cebf-0e96-4678-9ca5-5620ba0afc2e",
        "f9a0a0c5-324c-4794-b689-655314f58be5",
        "83965e4e-1180-4954-8841-60027d9557a2",
        "e93c48aa-daeb-41b0-96b7-48e1967f7c36"
      ],
      "pending": [],
      "skipped": [],
      "duration": 25546,
      "root": true,
      "rootEmpty": false,
      "_timeout": 2000
    }
  ],
  "meta": {
    "mocha": {
      "version": "5.2.0"
    },
    "mochawesome": {
      "options": {
        "quiet": false,
        "reportFilename": "mochawesome",
        "saveHtml": false,
        "saveJson": true,
        "consoleReporter": "spec",
        "useInlineDiffs": false
      },
      "version": "4.1.0"
    },
    "marge": {
      "options": {
        "reportDir": "cypress/report/mochawesome-report",
        "overwrite": false,
        "html": false,
        "json": true,
        "timestamp": "mmddyyyy_HHMMss"
      },
      "version": "4.1.0"
    }
  }
}