{
  "stats": {
    "suites": 0,
    "tests": 4,
    "passes": 4,
    "pending": 0,
    "failures": 0,
    "start": "2020-02-09T15:13:03.137Z",
    "end": "2020-02-09T15:13:57.009Z",
    "duration": 53872,
    "testsRegistered": 4,
    "passPercent": 100,
    "pendingPercent": 0,
    "other": 0,
    "hasOther": false,
    "skipped": 0,
    "hasSkipped": false
  },
  "results": [
    {
      "uuid": "d6277c27-2649-43e9-92f9-7f279bc64674",
      "title": "",
      "fullFile": "cypress\\integration\\meta\\metaBisnis.spec.js",
      "file": "cypress\\integration\\meta\\metaBisnis.spec.js",
      "beforeHooks": [],
      "afterHooks": [],
      "tests": [
        {
          "title": "Meta Bisnis",
          "fullTitle": " Meta Bisnis",
          "timedOut": null,
          "duration": 41648,
          "state": "passed",
          "speed": "slow",
          "pass": true,
          "fail": false,
          "pending": false,
          "context": null,
          "code": "// https://docs.cypress.io/guides/references/error-messages.html#Cypress-detected-that-an-uncaught-error-was-thrown-from-a-cross-origin-script\ncy.visit(url);",
          "err": {},
          "uuid": "5d0801ec-8980-4f51-9991-10ae2bcc9c3d",
          "parentUUID": "d6277c27-2649-43e9-92f9-7f279bc64674",
          "isHook": false,
          "skipped": false
        },
        {
          "title": "Validate Meta Title",
          "fullTitle": " Validate Meta Title",
          "timedOut": null,
          "duration": 407,
          "state": "passed",
          "speed": "slow",
          "pass": true,
          "fail": false,
          "pending": false,
          "context": null,
          "code": "cy.get('head meta[name=\"title\"]').should('have.attr', 'content', title);",
          "err": {},
          "uuid": "b4beb367-b19d-4669-8c6e-d01d0334b28d",
          "parentUUID": "d6277c27-2649-43e9-92f9-7f279bc64674",
          "isHook": false,
          "skipped": false
        },
        {
          "title": "Validate Meta Description",
          "fullTitle": " Validate Meta Description",
          "timedOut": null,
          "duration": 33,
          "state": "passed",
          "speed": "fast",
          "pass": true,
          "fail": false,
          "pending": false,
          "context": null,
          "code": "cy.get('head meta[name=\"description\"]').should('have.attr', 'content', desc);",
          "err": {},
          "uuid": "91973a65-ac2d-4eea-9de5-6f7f7bd89745",
          "parentUUID": "d6277c27-2649-43e9-92f9-7f279bc64674",
          "isHook": false,
          "skipped": false
        },
        {
          "title": "Validate Meta Keyword",
          "fullTitle": " Validate Meta Keyword",
          "timedOut": null,
          "duration": 32,
          "state": "passed",
          "speed": "fast",
          "pass": true,
          "fail": false,
          "pending": false,
          "context": null,
          "code": "cy.get('head meta[name=\"keywords\"]').should('have.attr', 'content', keyword);",
          "err": {},
          "uuid": "9c0a06e6-4beb-4d84-9cbb-6fca9b12ab90",
          "parentUUID": "d6277c27-2649-43e9-92f9-7f279bc64674",
          "isHook": false,
          "skipped": false
        }
      ],
      "suites": [],
      "passes": [
        "5d0801ec-8980-4f51-9991-10ae2bcc9c3d",
        "b4beb367-b19d-4669-8c6e-d01d0334b28d",
        "91973a65-ac2d-4eea-9de5-6f7f7bd89745",
        "9c0a06e6-4beb-4d84-9cbb-6fca9b12ab90"
      ],
      "failures": [],
      "pending": [],
      "skipped": [],
      "duration": 42120,
      "root": true,
      "rootEmpty": false,
      "_timeout": 2000
    }
  ],
  "meta": {
    "mocha": {
      "version": "5.2.0"
    },
    "mochawesome": {
      "options": {
        "quiet": false,
        "reportFilename": "mochawesome",
        "saveHtml": false,
        "saveJson": true,
        "consoleReporter": "spec",
        "useInlineDiffs": false
      },
      "version": "4.1.0"
    },
    "marge": {
      "options": {
        "reportDir": "cypress/report/mochawesome-report",
        "overwrite": false,
        "html": false,
        "json": true,
        "timestamp": "mmddyyyy_HHMMss"
      },
      "version": "4.1.0"
    }
  }
}