{
  "stats": {
    "suites": 0,
    "tests": 4,
    "passes": 2,
    "pending": 0,
    "failures": 2,
    "start": "2020-02-09T15:53:01.539Z",
    "end": "2020-02-09T15:54:16.254Z",
    "duration": 74715,
    "testsRegistered": 4,
    "passPercent": 50,
    "pendingPercent": 0,
    "other": 0,
    "hasOther": false,
    "skipped": 0,
    "hasSkipped": false
  },
  "results": [
    {
      "uuid": "a757a9c9-2162-4e4c-befc-1a83c95708d4",
      "title": "",
      "fullFile": "cypress\\integration\\meta\\metaRegister.spec.js",
      "file": "cypress\\integration\\meta\\metaRegister.spec.js",
      "beforeHooks": [],
      "afterHooks": [],
      "tests": [
        {
          "title": "Meta Register",
          "fullTitle": " Meta Register",
          "timedOut": null,
          "duration": 60572,
          "state": "failed",
          "speed": null,
          "pass": false,
          "fail": true,
          "pending": false,
          "context": "\"assets/meta\\\\metaRegister.spec.js/ -- Meta Register (failed).png\"",
          "code": "// https://docs.cypress.io/guides/references/error-messages.html#Cypress-detected-that-an-uncaught-error-was-thrown-from-a-cross-origin-script\ncy.visit(url);",
          "err": {
            "message": "CypressError: Timed out after waiting '60000ms' for your remote page to load.\n\nYour page did not fire its 'load' event within '60000ms'.\n\nYou can try increasing the 'pageLoadTimeout' value in 'cypress.json' to wait longer.\n\nBrowsers will not fire the 'load' event until all stylesheets and scripts are done downloading.\n\nWhen this 'load' event occurs, Cypress will continue running commands.",
            "estack": "CypressError: Timed out after waiting '60000ms' for your remote page to load.\n\nYour page did not fire its 'load' event within '60000ms'.\n\nYou can try increasing the 'pageLoadTimeout' value in 'cypress.json' to wait longer.\n\nBrowsers will not fire the 'load' event until all stylesheets and scripts are done downloading.\n\nWhen this 'load' event occurs, Cypress will continue running commands.\n    at Object.cypressErr (https://rc-ssr.rctiplus.com/__cypress/runner/cypress_runner.js:102176:11)\n    at Object.throwErr (https://rc-ssr.rctiplus.com/__cypress/runner/cypress_runner.js:102128:18)\n    at Object.throwErrByPath (https://rc-ssr.rctiplus.com/__cypress/runner/cypress_runner.js:102163:17)\n    at timedOutWaitingForPageLoad (https://rc-ssr.rctiplus.com/__cypress/runner/cypress_runner.js:86578:17)\n    at https://rc-ssr.rctiplus.com/__cypress/runner/cypress_runner.js:87361:16\n    at tryCatcher (https://rc-ssr.rctiplus.com/__cypress/runner/cypress_runner.js:136088:23)\n    at https://rc-ssr.rctiplus.com/__cypress/runner/cypress_runner.js:131229:41\n    at tryCatcher (https://rc-ssr.rctiplus.com/__cypress/runner/cypress_runner.js:136088:23)\n    at Promise._settlePromiseFromHandler (https://rc-ssr.rctiplus.com/__cypress/runner/cypress_runner.js:134024:31)\n    at Promise._settlePromise (https://rc-ssr.rctiplus.com/__cypress/runner/cypress_runner.js:134081:18)\n    at Promise._settlePromise0 (https://rc-ssr.rctiplus.com/__cypress/runner/cypress_runner.js:134126:10)\n    at Promise._settlePromises (https://rc-ssr.rctiplus.com/__cypress/runner/cypress_runner.js:134201:18)\n    at Async../node_modules/bluebird/js/release/async.js.Async._drainQueue (https://rc-ssr.rctiplus.com/__cypress/runner/cypress_runner.js:130813:16)\n    at Async../node_modules/bluebird/js/release/async.js.Async._drainQueues (https://rc-ssr.rctiplus.com/__cypress/runner/cypress_runner.js:130823:10)\n    at Async.drainQueues (https://rc-ssr.rctiplus.com/__cypress/runner/cypress_runner.js:130697:14)",
            "diff": null
          },
          "uuid": "7a2b8be9-ff6a-4809-9ff4-ae6973a59de1",
          "parentUUID": "a757a9c9-2162-4e4c-befc-1a83c95708d4",
          "isHook": false,
          "skipped": false
        },
        {
          "title": "Validate Meta Title",
          "fullTitle": " Validate Meta Title",
          "timedOut": null,
          "duration": 311,
          "state": "passed",
          "speed": "slow",
          "pass": true,
          "fail": false,
          "pending": false,
          "context": null,
          "code": "cy.get('head meta[name=\"title\"]').should('have.attr', 'content', title);",
          "err": {},
          "uuid": "f5127a4c-3cac-44a7-bb35-46995c475e83",
          "parentUUID": "a757a9c9-2162-4e4c-befc-1a83c95708d4",
          "isHook": false,
          "skipped": false
        },
        {
          "title": "Validate Meta Description",
          "fullTitle": " Validate Meta Description",
          "timedOut": null,
          "duration": 4431,
          "state": "failed",
          "speed": null,
          "pass": false,
          "fail": true,
          "pending": false,
          "context": "\"assets/meta\\\\metaRegister.spec.js/ -- Validate Meta Description (failed).png\"",
          "code": "cy.get('head meta[name=\"description\"]').should('have.attr', 'content', desc);",
          "err": {
            "message": "CypressError: Timed out retrying: expected '[ <meta>, 1 more... ]' to have attribute 'content' with the value 'Pertanyaan yang paling sering diajukan terkait informasi penggunaan dan program tayangan di RCTI+ beserta jawabannyaTempat pendaftaran / register akun di RCTI+. Buruan register sekarang, gratis streaming online sepuasnya\\n', but the value was 'Tempat pendaftaran / register akun di RCTI+. Buruan register sekarang, gratis streaming online sepuasnya\\n'",
            "estack": "CypressError: Timed out retrying: expected '[ <meta>, 1 more... ]' to have attribute 'content' with the value 'Pertanyaan yang paling sering diajukan terkait informasi penggunaan dan program tayangan di RCTI+ beserta jawabannyaTempat pendaftaran / register akun di RCTI+. Buruan register sekarang, gratis streaming online sepuasnya\\n', but the value was 'Tempat pendaftaran / register akun di RCTI+. Buruan register sekarang, gratis streaming online sepuasnya\\n'\n    at Object.cypressErr (https://rc-ssr.rctiplus.com/__cypress/runner/cypress_runner.js:102176:11)\n    at Object.throwErr (https://rc-ssr.rctiplus.com/__cypress/runner/cypress_runner.js:102128:18)\n    at Object.throwErrByPath (https://rc-ssr.rctiplus.com/__cypress/runner/cypress_runner.js:102163:17)\n    at retry (https://rc-ssr.rctiplus.com/__cypress/runner/cypress_runner.js:92756:16)\n    at onFailFn (https://rc-ssr.rctiplus.com/__cypress/runner/cypress_runner.js:80982:16)\n    at tryCatcher (https://rc-ssr.rctiplus.com/__cypress/runner/cypress_runner.js:136088:23)\n    at Promise._settlePromiseFromHandler (https://rc-ssr.rctiplus.com/__cypress/runner/cypress_runner.js:134024:31)\n    at Promise._settlePromise (https://rc-ssr.rctiplus.com/__cypress/runner/cypress_runner.js:134081:18)\n    at Promise._settlePromise0 (https://rc-ssr.rctiplus.com/__cypress/runner/cypress_runner.js:134126:10)\n    at Promise._settlePromises (https://rc-ssr.rctiplus.com/__cypress/runner/cypress_runner.js:134201:18)\n    at Async../node_modules/bluebird/js/release/async.js.Async._drainQueue (https://rc-ssr.rctiplus.com/__cypress/runner/cypress_runner.js:130813:16)\n    at Async../node_modules/bluebird/js/release/async.js.Async._drainQueues (https://rc-ssr.rctiplus.com/__cypress/runner/cypress_runner.js:130823:10)\n    at Async.drainQueues (https://rc-ssr.rctiplus.com/__cypress/runner/cypress_runner.js:130697:14)",
            "diff": null
          },
          "uuid": "4cd30abd-f98b-462f-ab50-dfb07f3dfde3",
          "parentUUID": "a757a9c9-2162-4e4c-befc-1a83c95708d4",
          "isHook": false,
          "skipped": false
        },
        {
          "title": "Validate Meta Keyword",
          "fullTitle": " Validate Meta Keyword",
          "timedOut": null,
          "duration": 31,
          "state": "passed",
          "speed": "fast",
          "pass": true,
          "fail": false,
          "pending": false,
          "context": null,
          "code": "cy.get('head meta[name=\"keywords\"]').should('have.attr', 'content', keyword);",
          "err": {},
          "uuid": "b0b1477a-9126-49cd-ac4a-0411c073cc91",
          "parentUUID": "a757a9c9-2162-4e4c-befc-1a83c95708d4",
          "isHook": false,
          "skipped": false
        }
      ],
      "suites": [],
      "passes": [
        "f5127a4c-3cac-44a7-bb35-46995c475e83",
        "b0b1477a-9126-49cd-ac4a-0411c073cc91"
      ],
      "failures": [
        "7a2b8be9-ff6a-4809-9ff4-ae6973a59de1",
        "4cd30abd-f98b-462f-ab50-dfb07f3dfde3"
      ],
      "pending": [],
      "skipped": [],
      "duration": 65345,
      "root": true,
      "rootEmpty": false,
      "_timeout": 2000
    }
  ],
  "meta": {
    "mocha": {
      "version": "5.2.0"
    },
    "mochawesome": {
      "options": {
        "quiet": false,
        "reportFilename": "mochawesome",
        "saveHtml": false,
        "saveJson": true,
        "consoleReporter": "spec",
        "useInlineDiffs": false
      },
      "version": "4.1.0"
    },
    "marge": {
      "options": {
        "reportDir": "cypress/report/mochawesome-report",
        "overwrite": false,
        "html": false,
        "json": true,
        "timestamp": "mmddyyyy_HHMMss"
      },
      "version": "4.1.0"
    }
  }
}