{
  "stats": {
    "suites": 0,
    "tests": 4,
    "passes": 4,
    "pending": 0,
    "failures": 0,
    "start": "2020-02-09T16:06:26.411Z",
    "end": "2020-02-09T16:07:22.907Z",
    "duration": 56496,
    "testsRegistered": 4,
    "passPercent": 100,
    "pendingPercent": 0,
    "other": 0,
    "hasOther": false,
    "skipped": 0,
    "hasSkipped": false
  },
  "results": [
    {
      "uuid": "f0a90454-73d6-4df4-8ce2-e3065a58702c",
      "title": "",
      "fullFile": "cypress\\integration\\meta\\metaVarietMusic.spec.js",
      "file": "cypress\\integration\\meta\\metaVarietMusic.spec.js",
      "beforeHooks": [],
      "afterHooks": [],
      "tests": [
        {
          "title": "Meta Variete Musik",
          "fullTitle": " Meta Variete Musik",
          "timedOut": null,
          "duration": 46657,
          "state": "passed",
          "speed": "slow",
          "pass": true,
          "fail": false,
          "pending": false,
          "context": null,
          "code": "// https://docs.cypress.io/guides/references/error-messages.html#Cypress-detected-that-an-uncaught-error-was-thrown-from-a-cross-origin-script\ncy.visit(url);",
          "err": {},
          "uuid": "f0eb8edc-c3a3-4a53-bcd8-4343e0953431",
          "parentUUID": "f0a90454-73d6-4df4-8ce2-e3065a58702c",
          "isHook": false,
          "skipped": false
        },
        {
          "title": "Validate Meta Title",
          "fullTitle": " Validate Meta Title",
          "timedOut": null,
          "duration": 254,
          "state": "passed",
          "speed": "slow",
          "pass": true,
          "fail": false,
          "pending": false,
          "context": null,
          "code": "cy.get('head meta[name=\"title\"]').should('have.attr', 'content', title);",
          "err": {},
          "uuid": "53d3a9df-04d6-4e88-9444-f3b2a7633c6c",
          "parentUUID": "f0a90454-73d6-4df4-8ce2-e3065a58702c",
          "isHook": false,
          "skipped": false
        },
        {
          "title": "Validate Meta Description",
          "fullTitle": " Validate Meta Description",
          "timedOut": null,
          "duration": 13,
          "state": "passed",
          "speed": "fast",
          "pass": true,
          "fail": false,
          "pending": false,
          "context": null,
          "code": "cy.get('head meta[name=\"description\"]').should('have.attr', 'content', desc);",
          "err": {},
          "uuid": "820ea5e8-448a-4654-8046-206ea0246c40",
          "parentUUID": "f0a90454-73d6-4df4-8ce2-e3065a58702c",
          "isHook": false,
          "skipped": false
        },
        {
          "title": "Validate Meta Keyword",
          "fullTitle": " Validate Meta Keyword",
          "timedOut": null,
          "duration": 25,
          "state": "passed",
          "speed": "fast",
          "pass": true,
          "fail": false,
          "pending": false,
          "context": null,
          "code": "cy.get('head meta[name=\"keywords\"]').should('have.attr', 'content', keyword);",
          "err": {},
          "uuid": "95c8d4ae-d969-4d78-95ca-b62c791bc215",
          "parentUUID": "f0a90454-73d6-4df4-8ce2-e3065a58702c",
          "isHook": false,
          "skipped": false
        }
      ],
      "suites": [],
      "passes": [
        "f0eb8edc-c3a3-4a53-bcd8-4343e0953431",
        "53d3a9df-04d6-4e88-9444-f3b2a7633c6c",
        "820ea5e8-448a-4654-8046-206ea0246c40",
        "95c8d4ae-d969-4d78-95ca-b62c791bc215"
      ],
      "failures": [],
      "pending": [],
      "skipped": [],
      "duration": 46949,
      "root": true,
      "rootEmpty": false,
      "_timeout": 2000
    }
  ],
  "meta": {
    "mocha": {
      "version": "5.2.0"
    },
    "mochawesome": {
      "options": {
        "quiet": false,
        "reportFilename": "mochawesome",
        "saveHtml": false,
        "saveJson": true,
        "consoleReporter": "spec",
        "useInlineDiffs": false
      },
      "version": "4.1.0"
    },
    "marge": {
      "options": {
        "reportDir": "cypress/report/mochawesome-report",
        "overwrite": false,
        "html": false,
        "json": true,
        "timestamp": "mmddyyyy_HHMMss"
      },
      "version": "4.1.0"
    }
  }
}