{
  "stats": {
    "suites": 0,
    "tests": 4,
    "passes": 1,
    "pending": 0,
    "failures": 3,
    "start": "2020-02-09T15:58:29.956Z",
    "end": "2020-02-09T15:59:42.564Z",
    "duration": 72608,
    "testsRegistered": 4,
    "passPercent": 25,
    "pendingPercent": 0,
    "other": 0,
    "hasOther": false,
    "skipped": 0,
    "hasSkipped": false
  },
  "results": [
    {
      "uuid": "1f8edd48-f253-4179-b9d2-c0b07d231ea1",
      "title": "",
      "fullFile": "cypress\\integration\\meta\\metaSport.spec.js",
      "file": "cypress\\integration\\meta\\metaSport.spec.js",
      "beforeHooks": [],
      "afterHooks": [],
      "tests": [
        {
          "title": "Meta Sport",
          "fullTitle": " Meta Sport",
          "timedOut": null,
          "duration": 48625,
          "state": "passed",
          "speed": "slow",
          "pass": true,
          "fail": false,
          "pending": false,
          "context": null,
          "code": "// https://docs.cypress.io/guides/references/error-messages.html#Cypress-detected-that-an-uncaught-error-was-thrown-from-a-cross-origin-script\ncy.visit(url);",
          "err": {},
          "uuid": "7ff297f7-47fc-47db-a78e-67941e747c62",
          "parentUUID": "1f8edd48-f253-4179-b9d2-c0b07d231ea1",
          "isHook": false,
          "skipped": false
        },
        {
          "title": "Validate Meta Title",
          "fullTitle": " Validate Meta Title",
          "timedOut": null,
          "duration": 4746,
          "state": "failed",
          "speed": null,
          "pass": false,
          "fail": true,
          "pending": false,
          "context": "\"assets/meta\\\\metaSport.spec.js/ -- Validate Meta Title (failed).png\"",
          "code": "cy.get('head meta[name=\"title\"]').should('have.attr', 'content', title);",
          "err": {
            "message": "CypressError: Timed out retrying: expected '<meta>' to have attribute 'content' with the value 'Nonton Bola dan Video Olahraga Lainnya Terbaru - RCTI+\\n', but the value was 'Tayangan Berita dan Informasi Terbaru dari Berbagai Kanal - RCTI+\\n'",
            "estack": "CypressError: Timed out retrying: expected '<meta>' to have attribute 'content' with the value 'Nonton Bola dan Video Olahraga Lainnya Terbaru - RCTI+\\n', but the value was 'Tayangan Berita dan Informasi Terbaru dari Berbagai Kanal - RCTI+\\n'\n    at Object.cypressErr (https://rc-ssr.rctiplus.com/__cypress/runner/cypress_runner.js:102176:11)\n    at Object.throwErr (https://rc-ssr.rctiplus.com/__cypress/runner/cypress_runner.js:102128:18)\n    at Object.throwErrByPath (https://rc-ssr.rctiplus.com/__cypress/runner/cypress_runner.js:102163:17)\n    at retry (https://rc-ssr.rctiplus.com/__cypress/runner/cypress_runner.js:92756:16)\n    at onFailFn (https://rc-ssr.rctiplus.com/__cypress/runner/cypress_runner.js:80982:16)\n    at tryCatcher (https://rc-ssr.rctiplus.com/__cypress/runner/cypress_runner.js:136088:23)\n    at Promise._settlePromiseFromHandler (https://rc-ssr.rctiplus.com/__cypress/runner/cypress_runner.js:134024:31)\n    at Promise._settlePromise (https://rc-ssr.rctiplus.com/__cypress/runner/cypress_runner.js:134081:18)\n    at Promise._settlePromise0 (https://rc-ssr.rctiplus.com/__cypress/runner/cypress_runner.js:134126:10)\n    at Promise._settlePromises (https://rc-ssr.rctiplus.com/__cypress/runner/cypress_runner.js:134201:18)\n    at Async../node_modules/bluebird/js/release/async.js.Async._drainQueue (https://rc-ssr.rctiplus.com/__cypress/runner/cypress_runner.js:130813:16)\n    at Async../node_modules/bluebird/js/release/async.js.Async._drainQueues (https://rc-ssr.rctiplus.com/__cypress/runner/cypress_runner.js:130823:10)\n    at Async.drainQueues (https://rc-ssr.rctiplus.com/__cypress/runner/cypress_runner.js:130697:14)",
            "diff": null
          },
          "uuid": "3b43198c-ae03-4563-94bf-269f91dfa876",
          "parentUUID": "1f8edd48-f253-4179-b9d2-c0b07d231ea1",
          "isHook": false,
          "skipped": false
        },
        {
          "title": "Validate Meta Description",
          "fullTitle": " Validate Meta Description",
          "timedOut": null,
          "duration": 4481,
          "state": "failed",
          "speed": null,
          "pass": false,
          "fail": true,
          "pending": false,
          "context": "\"assets/meta\\\\metaSport.spec.js/ -- Validate Meta Description (failed).png\"",
          "code": "cy.get('head meta[name=\"description\"]').should('have.attr', 'content', desc);",
          "err": {
            "message": "CypressError: Timed out retrying: expected '<meta>' to have attribute 'content' with the value 'Nonton bola online dan highlight olahraga lainnya paling lengkap dan terupdate liga Champion, Inggris, Italia, Indonesia dan lainnya hanya di RCTI+\\n', but the value was 'Nonton berita peristiwa, bola, kriminal, travel, teknologi paling update dan terkini tanpa buffering hanya di RCTI+\\n'",
            "estack": "CypressError: Timed out retrying: expected '<meta>' to have attribute 'content' with the value 'Nonton bola online dan highlight olahraga lainnya paling lengkap dan terupdate liga Champion, Inggris, Italia, Indonesia dan lainnya hanya di RCTI+\\n', but the value was 'Nonton berita peristiwa, bola, kriminal, travel, teknologi paling update dan terkini tanpa buffering hanya di RCTI+\\n'\n    at Object.cypressErr (https://rc-ssr.rctiplus.com/__cypress/runner/cypress_runner.js:102176:11)\n    at Object.throwErr (https://rc-ssr.rctiplus.com/__cypress/runner/cypress_runner.js:102128:18)\n    at Object.throwErrByPath (https://rc-ssr.rctiplus.com/__cypress/runner/cypress_runner.js:102163:17)\n    at retry (https://rc-ssr.rctiplus.com/__cypress/runner/cypress_runner.js:92756:16)\n    at onFailFn (https://rc-ssr.rctiplus.com/__cypress/runner/cypress_runner.js:80982:16)\n    at tryCatcher (https://rc-ssr.rctiplus.com/__cypress/runner/cypress_runner.js:136088:23)\n    at Promise._settlePromiseFromHandler (https://rc-ssr.rctiplus.com/__cypress/runner/cypress_runner.js:134024:31)\n    at Promise._settlePromise (https://rc-ssr.rctiplus.com/__cypress/runner/cypress_runner.js:134081:18)\n    at Promise._settlePromise0 (https://rc-ssr.rctiplus.com/__cypress/runner/cypress_runner.js:134126:10)\n    at Promise._settlePromises (https://rc-ssr.rctiplus.com/__cypress/runner/cypress_runner.js:134201:18)\n    at Async../node_modules/bluebird/js/release/async.js.Async._drainQueue (https://rc-ssr.rctiplus.com/__cypress/runner/cypress_runner.js:130813:16)\n    at Async../node_modules/bluebird/js/release/async.js.Async._drainQueues (https://rc-ssr.rctiplus.com/__cypress/runner/cypress_runner.js:130823:10)\n    at Async.drainQueues (https://rc-ssr.rctiplus.com/__cypress/runner/cypress_runner.js:130697:14)",
            "diff": null
          },
          "uuid": "f770eddf-d850-4c06-904f-dad43bca264d",
          "parentUUID": "1f8edd48-f253-4179-b9d2-c0b07d231ea1",
          "isHook": false,
          "skipped": false
        },
        {
          "title": "Validate Meta Keyword",
          "fullTitle": " Validate Meta Keyword",
          "timedOut": null,
          "duration": 4512,
          "state": "failed",
          "speed": null,
          "pass": false,
          "fail": true,
          "pending": false,
          "context": "\"assets/meta\\\\metaSport.spec.js/ -- Validate Meta Keyword (failed).png\"",
          "code": "cy.get('head meta[name=\"keywords\"]').should('have.attr', 'content', keyword);",
          "err": {
            "message": "CypressError: Timed out retrying: expected '<meta>' to have attribute 'content' with the value 'nonton bola\\n', but the value was 'berita paling update\\n'",
            "estack": "CypressError: Timed out retrying: expected '<meta>' to have attribute 'content' with the value 'nonton bola\\n', but the value was 'berita paling update\\n'\n    at Object.cypressErr (https://rc-ssr.rctiplus.com/__cypress/runner/cypress_runner.js:102176:11)\n    at Object.throwErr (https://rc-ssr.rctiplus.com/__cypress/runner/cypress_runner.js:102128:18)\n    at Object.throwErrByPath (https://rc-ssr.rctiplus.com/__cypress/runner/cypress_runner.js:102163:17)\n    at retry (https://rc-ssr.rctiplus.com/__cypress/runner/cypress_runner.js:92756:16)\n    at onFailFn (https://rc-ssr.rctiplus.com/__cypress/runner/cypress_runner.js:80982:16)\n    at tryCatcher (https://rc-ssr.rctiplus.com/__cypress/runner/cypress_runner.js:136088:23)\n    at Promise._settlePromiseFromHandler (https://rc-ssr.rctiplus.com/__cypress/runner/cypress_runner.js:134024:31)\n    at Promise._settlePromise (https://rc-ssr.rctiplus.com/__cypress/runner/cypress_runner.js:134081:18)\n    at Promise._settlePromise0 (https://rc-ssr.rctiplus.com/__cypress/runner/cypress_runner.js:134126:10)\n    at Promise._settlePromises (https://rc-ssr.rctiplus.com/__cypress/runner/cypress_runner.js:134201:18)\n    at Async../node_modules/bluebird/js/release/async.js.Async._drainQueue (https://rc-ssr.rctiplus.com/__cypress/runner/cypress_runner.js:130813:16)\n    at Async../node_modules/bluebird/js/release/async.js.Async._drainQueues (https://rc-ssr.rctiplus.com/__cypress/runner/cypress_runner.js:130823:10)\n    at Async.drainQueues (https://rc-ssr.rctiplus.com/__cypress/runner/cypress_runner.js:130697:14)",
            "diff": null
          },
          "uuid": "c8620f32-df66-4204-b483-a6aeaa06d9ee",
          "parentUUID": "1f8edd48-f253-4179-b9d2-c0b07d231ea1",
          "isHook": false,
          "skipped": false
        }
      ],
      "suites": [],
      "passes": [
        "7ff297f7-47fc-47db-a78e-67941e747c62"
      ],
      "failures": [
        "3b43198c-ae03-4563-94bf-269f91dfa876",
        "f770eddf-d850-4c06-904f-dad43bca264d",
        "c8620f32-df66-4204-b483-a6aeaa06d9ee"
      ],
      "pending": [],
      "skipped": [],
      "duration": 62364,
      "root": true,
      "rootEmpty": false,
      "_timeout": 2000
    }
  ],
  "meta": {
    "mocha": {
      "version": "5.2.0"
    },
    "mochawesome": {
      "options": {
        "quiet": false,
        "reportFilename": "mochawesome",
        "saveHtml": false,
        "saveJson": true,
        "consoleReporter": "spec",
        "useInlineDiffs": false
      },
      "version": "4.1.0"
    },
    "marge": {
      "options": {
        "reportDir": "cypress/report/mochawesome-report",
        "overwrite": false,
        "html": false,
        "json": true,
        "timestamp": "mmddyyyy_HHMMss"
      },
      "version": "4.1.0"
    }
  }
}